The system is: Darwin - 12.4.0 - i386
Compiling the C compiler identification source file "CMakeCCompilerId.c" succeeded.
Compiler: /usr/bin/cc 
Build flags: 
Id flags: 

The output was:
0


Compilation of the C compiler identification source "CMakeCCompilerId.c" produced "a.out"

The C compiler identification is Clang, found in "/Users/spyros/Downloads/osrf-gazebo-222b5b368663/build/CMakeFiles/2.8.11.1/CompilerIdC/a.out"

Compiling the CXX compiler identification source file "CMakeCXXCompilerId.cpp" succeeded.
Compiler: /usr/bin/c++ 
Build flags: 
Id flags: 

The output was:
0


Compilation of the CXX compiler identification source "CMakeCXXCompilerId.cpp" produced "a.out"

The CXX compiler identification is Clang, found in "/Users/spyros/Downloads/osrf-gazebo-222b5b368663/build/CMakeFiles/2.8.11.1/CompilerIdCXX/a.out"

Determining if the C compiler works passed with the following output:
Change Dir: /Users/spyros/Downloads/osrf-gazebo-222b5b368663/build/CMakeFiles/CMakeTmp

Run Build Command:/usr/bin/make "cmTryCompileExec362907546/fast"
/usr/bin/make -f CMakeFiles/cmTryCompileExec362907546.dir/build.make CMakeFiles/cmTryCompileExec362907546.dir/build
/usr/local/Cellar/cmake/2.8.11.1/bin/cmake -E cmake_progress_report /Users/spyros/Downloads/osrf-gazebo-222b5b368663/build/CMakeFiles/CMakeTmp/CMakeFiles 1
Building C object CMakeFiles/cmTryCompileExec362907546.dir/testCCompiler.c.o
/usr/bin/cc    -o CMakeFiles/cmTryCompileExec362907546.dir/testCCompiler.c.o   -c /Users/spyros/Downloads/osrf-gazebo-222b5b368663/build/CMakeFiles/CMakeTmp/testCCompiler.c
Linking C executable cmTryCompileExec362907546
/usr/local/Cellar/cmake/2.8.11.1/bin/cmake -E cmake_link_script CMakeFiles/cmTryCompileExec362907546.dir/link.txt --verbose=1
/usr/bin/cc      -Wl,-search_paths_first -Wl,-headerpad_max_install_names   CMakeFiles/cmTryCompileExec362907546.dir/testCCompiler.c.o  -o cmTryCompileExec362907546  


Detecting C compiler ABI info compiled with the following output:
Change Dir: /Users/spyros/Downloads/osrf-gazebo-222b5b368663/build/CMakeFiles/CMakeTmp

Run Build Command:/usr/bin/make "cmTryCompileExec1165384282/fast"
/usr/bin/make -f CMakeFiles/cmTryCompileExec1165384282.dir/build.make CMakeFiles/cmTryCompileExec1165384282.dir/build
/usr/local/Cellar/cmake/2.8.11.1/bin/cmake -E cmake_progress_report /Users/spyros/Downloads/osrf-gazebo-222b5b368663/build/CMakeFiles/CMakeTmp/CMakeFiles 1
Building C object CMakeFiles/cmTryCompileExec1165384282.dir/CMakeCCompilerABI.c.o
/usr/bin/cc    -o CMakeFiles/cmTryCompileExec1165384282.dir/CMakeCCompilerABI.c.o   -c /usr/local/Cellar/cmake/2.8.11.1/share/cmake/Modules/CMakeCCompilerABI.c
Linking C executable cmTryCompileExec1165384282
/usr/local/Cellar/cmake/2.8.11.1/bin/cmake -E cmake_link_script CMakeFiles/cmTryCompileExec1165384282.dir/link.txt --verbose=1
/usr/bin/cc      -Wl,-search_paths_first -Wl,-headerpad_max_install_names -v -Wl,-v CMakeFiles/cmTryCompileExec1165384282.dir/CMakeCCompilerABI.c.o  -o cmTryCompileExec1165384282   
Apple LLVM version 4.2 (clang-425.0.28) (based on LLVM 3.2svn)
Target: x86_64-apple-darwin12.4.0
Thread model: posix
 "/usr/bin/ld" -demangle -dynamic -arch x86_64 -macosx_version_min 10.8.0 -o cmTryCompileExec1165384282 -search_paths_first -headerpad_max_install_names -v CMakeFiles/cmTryCompileExec1165384282.dir/CMakeCCompilerABI.c.o -lSystem /usr/bin/../lib/clang/4.2/lib/darwin/libclang_rt.osx.a
@(#)PROGRAM:ld  PROJECT:ld64-136
configured to support archs: armv6 armv7 armv7s i386 x86_64
Library search paths:
	/usr/lib
	/usr/local/lib
Framework search paths:
	/Library/Frameworks/
	/System/Library/Frameworks/


Parsed C implicit link information from above output:
  link line regex: [^( *|.*[/\])(ld|ld|collect2)[^/\]*( |$)]
  ignore line: [Change Dir: /Users/spyros/Downloads/osrf-gazebo-222b5b368663/build/CMakeFiles/CMakeTmp]
  ignore line: []
  ignore line: [Run Build Command:/usr/bin/make "cmTryCompileExec1165384282/fast"]
  ignore line: [/usr/bin/make -f CMakeFiles/cmTryCompileExec1165384282.dir/build.make CMakeFiles/cmTryCompileExec1165384282.dir/build]
  ignore line: [/usr/local/Cellar/cmake/2.8.11.1/bin/cmake -E cmake_progress_report /Users/spyros/Downloads/osrf-gazebo-222b5b368663/build/CMakeFiles/CMakeTmp/CMakeFiles 1]
  ignore line: [Building C object CMakeFiles/cmTryCompileExec1165384282.dir/CMakeCCompilerABI.c.o]
  ignore line: [/usr/bin/cc    -o CMakeFiles/cmTryCompileExec1165384282.dir/CMakeCCompilerABI.c.o   -c /usr/local/Cellar/cmake/2.8.11.1/share/cmake/Modules/CMakeCCompilerABI.c]
  ignore line: [Linking C executable cmTryCompileExec1165384282]
  ignore line: [/usr/local/Cellar/cmake/2.8.11.1/bin/cmake -E cmake_link_script CMakeFiles/cmTryCompileExec1165384282.dir/link.txt --verbose=1]
  ignore line: [/usr/bin/cc      -Wl,-search_paths_first -Wl,-headerpad_max_install_names -v -Wl,-v CMakeFiles/cmTryCompileExec1165384282.dir/CMakeCCompilerABI.c.o  -o cmTryCompileExec1165384282   ]
  ignore line: [Apple LLVM version 4.2 (clang-425.0.28) (based on LLVM 3.2svn)]
  ignore line: [Target: x86_64-apple-darwin12.4.0]
  ignore line: [Thread model: posix]
  link line: [ "/usr/bin/ld" -demangle -dynamic -arch x86_64 -macosx_version_min 10.8.0 -o cmTryCompileExec1165384282 -search_paths_first -headerpad_max_install_names -v CMakeFiles/cmTryCompileExec1165384282.dir/CMakeCCompilerABI.c.o -lSystem /usr/bin/../lib/clang/4.2/lib/darwin/libclang_rt.osx.a]
    arg [/usr/bin/ld] ==> ignore
    arg [-demangle] ==> ignore
    arg [-dynamic] ==> ignore
    arg [-arch] ==> ignore
    arg [x86_64] ==> ignore
    arg [-macosx_version_min] ==> ignore
    arg [10.8.0] ==> ignore
    arg [-o] ==> ignore
    arg [cmTryCompileExec1165384282] ==> ignore
    arg [-search_paths_first] ==> ignore
    arg [-headerpad_max_install_names] ==> ignore
    arg [-v] ==> ignore
    arg [CMakeFiles/cmTryCompileExec1165384282.dir/CMakeCCompilerABI.c.o] ==> ignore
    arg [-lSystem] ==> lib [System]
    arg [/usr/bin/../lib/clang/4.2/lib/darwin/libclang_rt.osx.a] ==> lib [/usr/bin/../lib/clang/4.2/lib/darwin/libclang_rt.osx.a]
  Library search paths: [;/usr/lib;/usr/local/lib]
  Framework search paths: [;/Library/Frameworks/;/System/Library/Frameworks/]
  remove lib [System]
  collapse lib [/usr/bin/../lib/clang/4.2/lib/darwin/libclang_rt.osx.a] ==> [/usr/lib/clang/4.2/lib/darwin/libclang_rt.osx.a]
  collapse library dir [/usr/lib] ==> [/usr/lib]
  collapse library dir [/usr/local/lib] ==> [/usr/local/lib]
  collapse framework dir [/Library/Frameworks/] ==> [/Library/Frameworks]
  collapse framework dir [/System/Library/Frameworks/] ==> [/System/Library/Frameworks]
  implicit libs: [/usr/lib/clang/4.2/lib/darwin/libclang_rt.osx.a]
  implicit dirs: [/usr/lib;/usr/local/lib]
  implicit fwks: [/Library/Frameworks;/System/Library/Frameworks]


Determining if the CXX compiler works passed with the following output:
Change Dir: /Users/spyros/Downloads/osrf-gazebo-222b5b368663/build/CMakeFiles/CMakeTmp

Run Build Command:/usr/bin/make "cmTryCompileExec2864862287/fast"
/usr/bin/make -f CMakeFiles/cmTryCompileExec2864862287.dir/build.make CMakeFiles/cmTryCompileExec2864862287.dir/build
/usr/local/Cellar/cmake/2.8.11.1/bin/cmake -E cmake_progress_report /Users/spyros/Downloads/osrf-gazebo-222b5b368663/build/CMakeFiles/CMakeTmp/CMakeFiles 1
Building CXX object CMakeFiles/cmTryCompileExec2864862287.dir/testCXXCompiler.cxx.o
/usr/bin/c++     -o CMakeFiles/cmTryCompileExec2864862287.dir/testCXXCompiler.cxx.o -c /Users/spyros/Downloads/osrf-gazebo-222b5b368663/build/CMakeFiles/CMakeTmp/testCXXCompiler.cxx
Linking CXX executable cmTryCompileExec2864862287
/usr/local/Cellar/cmake/2.8.11.1/bin/cmake -E cmake_link_script CMakeFiles/cmTryCompileExec2864862287.dir/link.txt --verbose=1
/usr/bin/c++       -Wl,-search_paths_first -Wl,-headerpad_max_install_names   CMakeFiles/cmTryCompileExec2864862287.dir/testCXXCompiler.cxx.o  -o cmTryCompileExec2864862287  


Detecting CXX compiler ABI info compiled with the following output:
Change Dir: /Users/spyros/Downloads/osrf-gazebo-222b5b368663/build/CMakeFiles/CMakeTmp

Run Build Command:/usr/bin/make "cmTryCompileExec2876725291/fast"
/usr/bin/make -f CMakeFiles/cmTryCompileExec2876725291.dir/build.make CMakeFiles/cmTryCompileExec2876725291.dir/build
/usr/local/Cellar/cmake/2.8.11.1/bin/cmake -E cmake_progress_report /Users/spyros/Downloads/osrf-gazebo-222b5b368663/build/CMakeFiles/CMakeTmp/CMakeFiles 1
Building CXX object CMakeFiles/cmTryCompileExec2876725291.dir/CMakeCXXCompilerABI.cpp.o
/usr/bin/c++     -o CMakeFiles/cmTryCompileExec2876725291.dir/CMakeCXXCompilerABI.cpp.o -c /usr/local/Cellar/cmake/2.8.11.1/share/cmake/Modules/CMakeCXXCompilerABI.cpp
Linking CXX executable cmTryCompileExec2876725291
/usr/local/Cellar/cmake/2.8.11.1/bin/cmake -E cmake_link_script CMakeFiles/cmTryCompileExec2876725291.dir/link.txt --verbose=1
/usr/bin/c++       -Wl,-search_paths_first -Wl,-headerpad_max_install_names -v -Wl,-v CMakeFiles/cmTryCompileExec2876725291.dir/CMakeCXXCompilerABI.cpp.o  -o cmTryCompileExec2876725291   
Apple LLVM version 4.2 (clang-425.0.28) (based on LLVM 3.2svn)
Target: x86_64-apple-darwin12.4.0
Thread model: posix
 "/usr/bin/ld" -demangle -dynamic -arch x86_64 -macosx_version_min 10.8.0 -o cmTryCompileExec2876725291 -search_paths_first -headerpad_max_install_names -v CMakeFiles/cmTryCompileExec2876725291.dir/CMakeCXXCompilerABI.cpp.o -lstdc++ -lSystem /usr/bin/../lib/clang/4.2/lib/darwin/libclang_rt.osx.a
@(#)PROGRAM:ld  PROJECT:ld64-136
configured to support archs: armv6 armv7 armv7s i386 x86_64
Library search paths:
	/usr/lib
	/usr/local/lib
Framework search paths:
	/Library/Frameworks/
	/System/Library/Frameworks/


Parsed CXX implicit link information from above output:
  link line regex: [^( *|.*[/\])(ld|ld|collect2)[^/\]*( |$)]
  ignore line: [Change Dir: /Users/spyros/Downloads/osrf-gazebo-222b5b368663/build/CMakeFiles/CMakeTmp]
  ignore line: []
  ignore line: [Run Build Command:/usr/bin/make "cmTryCompileExec2876725291/fast"]
  ignore line: [/usr/bin/make -f CMakeFiles/cmTryCompileExec2876725291.dir/build.make CMakeFiles/cmTryCompileExec2876725291.dir/build]
  ignore line: [/usr/local/Cellar/cmake/2.8.11.1/bin/cmake -E cmake_progress_report /Users/spyros/Downloads/osrf-gazebo-222b5b368663/build/CMakeFiles/CMakeTmp/CMakeFiles 1]
  ignore line: [Building CXX object CMakeFiles/cmTryCompileExec2876725291.dir/CMakeCXXCompilerABI.cpp.o]
  ignore line: [/usr/bin/c++     -o CMakeFiles/cmTryCompileExec2876725291.dir/CMakeCXXCompilerABI.cpp.o -c /usr/local/Cellar/cmake/2.8.11.1/share/cmake/Modules/CMakeCXXCompilerABI.cpp]
  ignore line: [Linking CXX executable cmTryCompileExec2876725291]
  ignore line: [/usr/local/Cellar/cmake/2.8.11.1/bin/cmake -E cmake_link_script CMakeFiles/cmTryCompileExec2876725291.dir/link.txt --verbose=1]
  ignore line: [/usr/bin/c++       -Wl,-search_paths_first -Wl,-headerpad_max_install_names -v -Wl,-v CMakeFiles/cmTryCompileExec2876725291.dir/CMakeCXXCompilerABI.cpp.o  -o cmTryCompileExec2876725291   ]
  ignore line: [Apple LLVM version 4.2 (clang-425.0.28) (based on LLVM 3.2svn)]
  ignore line: [Target: x86_64-apple-darwin12.4.0]
  ignore line: [Thread model: posix]
  link line: [ "/usr/bin/ld" -demangle -dynamic -arch x86_64 -macosx_version_min 10.8.0 -o cmTryCompileExec2876725291 -search_paths_first -headerpad_max_install_names -v CMakeFiles/cmTryCompileExec2876725291.dir/CMakeCXXCompilerABI.cpp.o -lstdc++ -lSystem /usr/bin/../lib/clang/4.2/lib/darwin/libclang_rt.osx.a]
    arg [/usr/bin/ld] ==> ignore
    arg [-demangle] ==> ignore
    arg [-dynamic] ==> ignore
    arg [-arch] ==> ignore
    arg [x86_64] ==> ignore
    arg [-macosx_version_min] ==> ignore
    arg [10.8.0] ==> ignore
    arg [-o] ==> ignore
    arg [cmTryCompileExec2876725291] ==> ignore
    arg [-search_paths_first] ==> ignore
    arg [-headerpad_max_install_names] ==> ignore
    arg [-v] ==> ignore
    arg [CMakeFiles/cmTryCompileExec2876725291.dir/CMakeCXXCompilerABI.cpp.o] ==> ignore
    arg [-lstdc++] ==> lib [stdc++]
    arg [-lSystem] ==> lib [System]
    arg [/usr/bin/../lib/clang/4.2/lib/darwin/libclang_rt.osx.a] ==> lib [/usr/bin/../lib/clang/4.2/lib/darwin/libclang_rt.osx.a]
  Library search paths: [;/usr/lib;/usr/local/lib]
  Framework search paths: [;/Library/Frameworks/;/System/Library/Frameworks/]
  remove lib [System]
  collapse lib [/usr/bin/../lib/clang/4.2/lib/darwin/libclang_rt.osx.a] ==> [/usr/lib/clang/4.2/lib/darwin/libclang_rt.osx.a]
  collapse library dir [/usr/lib] ==> [/usr/lib]
  collapse library dir [/usr/local/lib] ==> [/usr/local/lib]
  collapse framework dir [/Library/Frameworks/] ==> [/Library/Frameworks]
  collapse framework dir [/System/Library/Frameworks/] ==> [/System/Library/Frameworks]
  implicit libs: [stdc++;/usr/lib/clang/4.2/lib/darwin/libclang_rt.osx.a]
  implicit dirs: [/usr/lib;/usr/local/lib]
  implicit fwks: [/Library/Frameworks;/System/Library/Frameworks]


Determining if the Q_WS_MAC exist passed with the following output:
Change Dir: /Users/spyros/Downloads/osrf-gazebo-222b5b368663/build/CMakeFiles/CMakeTmp

Run Build Command:/usr/bin/make "cmTryCompileExec930458588/fast"
/usr/bin/make -f CMakeFiles/cmTryCompileExec930458588.dir/build.make CMakeFiles/cmTryCompileExec930458588.dir/build
/usr/local/Cellar/cmake/2.8.11.1/bin/cmake -E cmake_progress_report /Users/spyros/Downloads/osrf-gazebo-222b5b368663/build/CMakeFiles/CMakeTmp/CMakeFiles 1
Building CXX object CMakeFiles/cmTryCompileExec930458588.dir/CheckSymbolExists.cxx.o
/usr/bin/c++    -I/usr/local/Cellar/qt/4.8.4/include -F/usr/local/Cellar/qt/4.8.4/lib    -o CMakeFiles/cmTryCompileExec930458588.dir/CheckSymbolExists.cxx.o -c /Users/spyros/Downloads/osrf-gazebo-222b5b368663/build/CMakeFiles/CMakeTmp/CheckSymbolExists.cxx
Linking CXX executable cmTryCompileExec930458588
/usr/local/Cellar/cmake/2.8.11.1/bin/cmake -E cmake_link_script CMakeFiles/cmTryCompileExec930458588.dir/link.txt --verbose=1
/usr/bin/c++       -Wl,-search_paths_first -Wl,-headerpad_max_install_names   CMakeFiles/cmTryCompileExec930458588.dir/CheckSymbolExists.cxx.o  -o cmTryCompileExec930458588  

File /Users/spyros/Downloads/osrf-gazebo-222b5b368663/build/CMakeFiles/CMakeTmp/CheckSymbolExists.cxx:
/* */
#include <QtCore/qglobal.h>

int main(int argc, char** argv)
{
  (void)argv;
#ifndef Q_WS_MAC
  return ((int*)(&Q_WS_MAC))[argc];
#else
  (void)argc;
  return 0;
#endif
}

Determining if the QT_MAC_USE_COCOA exist passed with the following output:
Change Dir: /Users/spyros/Downloads/osrf-gazebo-222b5b368663/build/CMakeFiles/CMakeTmp

Run Build Command:/usr/bin/make "cmTryCompileExec1575494645/fast"
/usr/bin/make -f CMakeFiles/cmTryCompileExec1575494645.dir/build.make CMakeFiles/cmTryCompileExec1575494645.dir/build
/usr/local/Cellar/cmake/2.8.11.1/bin/cmake -E cmake_progress_report /Users/spyros/Downloads/osrf-gazebo-222b5b368663/build/CMakeFiles/CMakeTmp/CMakeFiles 1
Building CXX object CMakeFiles/cmTryCompileExec1575494645.dir/CheckSymbolExists.cxx.o
/usr/bin/c++    -I/usr/local/Cellar/qt/4.8.4/include -F/usr/local/Cellar/qt/4.8.4/lib    -o CMakeFiles/cmTryCompileExec1575494645.dir/CheckSymbolExists.cxx.o -c /Users/spyros/Downloads/osrf-gazebo-222b5b368663/build/CMakeFiles/CMakeTmp/CheckSymbolExists.cxx
Linking CXX executable cmTryCompileExec1575494645
/usr/local/Cellar/cmake/2.8.11.1/bin/cmake -E cmake_link_script CMakeFiles/cmTryCompileExec1575494645.dir/link.txt --verbose=1
/usr/bin/c++       -Wl,-search_paths_first -Wl,-headerpad_max_install_names   CMakeFiles/cmTryCompileExec1575494645.dir/CheckSymbolExists.cxx.o  -o cmTryCompileExec1575494645  

File /Users/spyros/Downloads/osrf-gazebo-222b5b368663/build/CMakeFiles/CMakeTmp/CheckSymbolExists.cxx:
/* */
#include <QtCore/qconfig.h>

int main(int argc, char** argv)
{
  (void)argv;
#ifndef QT_MAC_USE_COCOA
  return ((int*)(&QT_MAC_USE_COCOA))[argc];
#else
  (void)argc;
  return 0;
#endif
}

Performing C++ SOURCE FILE Test HAVE_ALLOCA succeded with the following output:
Change Dir: /Users/spyros/Downloads/osrf-gazebo-222b5b368663/build/CMakeFiles/CMakeTmp

Run Build Command:/usr/bin/make "cmTryCompileExec3709979968/fast"
/usr/bin/make -f CMakeFiles/cmTryCompileExec3709979968.dir/build.make CMakeFiles/cmTryCompileExec3709979968.dir/build
/usr/local/Cellar/cmake/2.8.11.1/bin/cmake -E cmake_progress_report /Users/spyros/Downloads/osrf-gazebo-222b5b368663/build/CMakeFiles/CMakeTmp/CMakeFiles 1
Building CXX object CMakeFiles/cmTryCompileExec3709979968.dir/src.cxx.o
/usr/bin/c++    -s -O3 -DNDEBUG  -Wall -Wextra -Wno-long-long -Wno-unused-value -Wno-unused-value -Wno-unused-value -Wno-unused-value -Wfloat-equal -Wshadow -Winit-self -Wswitch-default -Wmissing-include-dirs -pedantic -msse -msse2 -mfpmath=sse -msse3 -mssse3  -DHAVE_ALLOCA   -o CMakeFiles/cmTryCompileExec3709979968.dir/src.cxx.o -c /Users/spyros/Downloads/osrf-gazebo-222b5b368663/build/CMakeFiles/CMakeTmp/src.cxx
clang: warning: argument unused during compilation: '-s'
clang: warning: argument unused during compilation: '-mfpmath=sse'
Linking CXX executable cmTryCompileExec3709979968
/usr/local/Cellar/cmake/2.8.11.1/bin/cmake -E cmake_link_script CMakeFiles/cmTryCompileExec3709979968.dir/link.txt --verbose=1
/usr/bin/c++     -s -O3 -DNDEBUG  -Wall -Wextra -Wno-long-long -Wno-unused-value -Wno-unused-value -Wno-unused-value -Wno-unused-value -Wfloat-equal -Wshadow -Winit-self -Wswitch-default -Wmissing-include-dirs -pedantic -msse -msse2 -mfpmath=sse -msse3 -mssse3  -DHAVE_ALLOCA -Wl,-search_paths_first -Wl,-headerpad_max_install_names   CMakeFiles/cmTryCompileExec3709979968.dir/src.cxx.o  -o cmTryCompileExec3709979968  
ld: warning: option -s is obsolete and being ignored

Source file was:
#include <alloca.h> 
int main() {alloca(0); return 1;}
Performing C++ SOURCE FILE Test HAVE_ATAN2F succeded with the following output:
Change Dir: /Users/spyros/Downloads/osrf-gazebo-222b5b368663/build/CMakeFiles/CMakeTmp

Run Build Command:/usr/bin/make "cmTryCompileExec2739877845/fast"
/usr/bin/make -f CMakeFiles/cmTryCompileExec2739877845.dir/build.make CMakeFiles/cmTryCompileExec2739877845.dir/build
/usr/local/Cellar/cmake/2.8.11.1/bin/cmake -E cmake_progress_report /Users/spyros/Downloads/osrf-gazebo-222b5b368663/build/CMakeFiles/CMakeTmp/CMakeFiles 1
Building CXX object CMakeFiles/cmTryCompileExec2739877845.dir/src.cxx.o
/usr/bin/c++    -s -O3 -DNDEBUG  -Wall -Wextra -Wno-long-long -Wno-unused-value -Wno-unused-value -Wno-unused-value -Wno-unused-value -Wfloat-equal -Wshadow -Winit-self -Wswitch-default -Wmissing-include-dirs -pedantic -msse -msse2 -mfpmath=sse -msse3 -mssse3  -DHAVE_ATAN2F   -o CMakeFiles/cmTryCompileExec2739877845.dir/src.cxx.o -c /Users/spyros/Downloads/osrf-gazebo-222b5b368663/build/CMakeFiles/CMakeTmp/src.cxx
clang: warning: argument unused during compilation: '-s'
clang: warning: argument unused during compilation: '-mfpmath=sse'
Linking CXX executable cmTryCompileExec2739877845
/usr/local/Cellar/cmake/2.8.11.1/bin/cmake -E cmake_link_script CMakeFiles/cmTryCompileExec2739877845.dir/link.txt --verbose=1
/usr/bin/c++     -s -O3 -DNDEBUG  -Wall -Wextra -Wno-long-long -Wno-unused-value -Wno-unused-value -Wno-unused-value -Wno-unused-value -Wfloat-equal -Wshadow -Winit-self -Wswitch-default -Wmissing-include-dirs -pedantic -msse -msse2 -mfpmath=sse -msse3 -mssse3  -DHAVE_ATAN2F -Wl,-search_paths_first -Wl,-headerpad_max_install_names   CMakeFiles/cmTryCompileExec2739877845.dir/src.cxx.o  -o cmTryCompileExec2739877845  
ld: warning: option -s is obsolete and being ignored

Source file was:
#include <math.h> 
int main() {atan2f(0,0); return 1;}
Performing C++ SOURCE FILE Test HAVE_COPYSIGN succeded with the following output:
Change Dir: /Users/spyros/Downloads/osrf-gazebo-222b5b368663/build/CMakeFiles/CMakeTmp

Run Build Command:/usr/bin/make "cmTryCompileExec1839950202/fast"
/usr/bin/make -f CMakeFiles/cmTryCompileExec1839950202.dir/build.make CMakeFiles/cmTryCompileExec1839950202.dir/build
/usr/local/Cellar/cmake/2.8.11.1/bin/cmake -E cmake_progress_report /Users/spyros/Downloads/osrf-gazebo-222b5b368663/build/CMakeFiles/CMakeTmp/CMakeFiles 1
Building CXX object CMakeFiles/cmTryCompileExec1839950202.dir/src.cxx.o
/usr/bin/c++    -s -O3 -DNDEBUG  -Wall -Wextra -Wno-long-long -Wno-unused-value -Wno-unused-value -Wno-unused-value -Wno-unused-value -Wfloat-equal -Wshadow -Winit-self -Wswitch-default -Wmissing-include-dirs -pedantic -msse -msse2 -mfpmath=sse -msse3 -mssse3  -DHAVE_COPYSIGN   -o CMakeFiles/cmTryCompileExec1839950202.dir/src.cxx.o -c /Users/spyros/Downloads/osrf-gazebo-222b5b368663/build/CMakeFiles/CMakeTmp/src.cxx
clang: warning: argument unused during compilation: '-s'
clang: warning: argument unused during compilation: '-mfpmath=sse'
Linking CXX executable cmTryCompileExec1839950202
/usr/local/Cellar/cmake/2.8.11.1/bin/cmake -E cmake_link_script CMakeFiles/cmTryCompileExec1839950202.dir/link.txt --verbose=1
/usr/bin/c++     -s -O3 -DNDEBUG  -Wall -Wextra -Wno-long-long -Wno-unused-value -Wno-unused-value -Wno-unused-value -Wno-unused-value -Wfloat-equal -Wshadow -Winit-self -Wswitch-default -Wmissing-include-dirs -pedantic -msse -msse2 -mfpmath=sse -msse3 -mssse3  -DHAVE_COPYSIGN -Wl,-search_paths_first -Wl,-headerpad_max_install_names   CMakeFiles/cmTryCompileExec1839950202.dir/src.cxx.o  -o cmTryCompileExec1839950202  
ld: warning: option -s is obsolete and being ignored

Source file was:
#include <math.h> 
int main() {copysign(0,0); return 1;}
Performing C++ SOURCE FILE Test HAVE_COPYSIGNF succeded with the following output:
Change Dir: /Users/spyros/Downloads/osrf-gazebo-222b5b368663/build/CMakeFiles/CMakeTmp

Run Build Command:/usr/bin/make "cmTryCompileExec3176747485/fast"
/usr/bin/make -f CMakeFiles/cmTryCompileExec3176747485.dir/build.make CMakeFiles/cmTryCompileExec3176747485.dir/build
/usr/local/Cellar/cmake/2.8.11.1/bin/cmake -E cmake_progress_report /Users/spyros/Downloads/osrf-gazebo-222b5b368663/build/CMakeFiles/CMakeTmp/CMakeFiles 1
Building CXX object CMakeFiles/cmTryCompileExec3176747485.dir/src.cxx.o
/usr/bin/c++    -s -O3 -DNDEBUG  -Wall -Wextra -Wno-long-long -Wno-unused-value -Wno-unused-value -Wno-unused-value -Wno-unused-value -Wfloat-equal -Wshadow -Winit-self -Wswitch-default -Wmissing-include-dirs -pedantic -msse -msse2 -mfpmath=sse -msse3 -mssse3  -DHAVE_COPYSIGNF   -o CMakeFiles/cmTryCompileExec3176747485.dir/src.cxx.o -c /Users/spyros/Downloads/osrf-gazebo-222b5b368663/build/CMakeFiles/CMakeTmp/src.cxx
clang: warning: argument unused during compilation: '-s'
clang: warning: argument unused during compilation: '-mfpmath=sse'
Linking CXX executable cmTryCompileExec3176747485
/usr/local/Cellar/cmake/2.8.11.1/bin/cmake -E cmake_link_script CMakeFiles/cmTryCompileExec3176747485.dir/link.txt --verbose=1
/usr/bin/c++     -s -O3 -DNDEBUG  -Wall -Wextra -Wno-long-long -Wno-unused-value -Wno-unused-value -Wno-unused-value -Wno-unused-value -Wfloat-equal -Wshadow -Winit-self -Wswitch-default -Wmissing-include-dirs -pedantic -msse -msse2 -mfpmath=sse -msse3 -mssse3  -DHAVE_COPYSIGNF -Wl,-search_paths_first -Wl,-headerpad_max_install_names   CMakeFiles/cmTryCompileExec3176747485.dir/src.cxx.o  -o cmTryCompileExec3176747485  
ld: warning: option -s is obsolete and being ignored

Source file was:
#include <math.h> 
int main() {copysignf(0,0); return 1;}
Performing C++ SOURCE FILE Test HAVE_COSF succeded with the following output:
Change Dir: /Users/spyros/Downloads/osrf-gazebo-222b5b368663/build/CMakeFiles/CMakeTmp

Run Build Command:/usr/bin/make "cmTryCompileExec1116199710/fast"
/usr/bin/make -f CMakeFiles/cmTryCompileExec1116199710.dir/build.make CMakeFiles/cmTryCompileExec1116199710.dir/build
/usr/local/Cellar/cmake/2.8.11.1/bin/cmake -E cmake_progress_report /Users/spyros/Downloads/osrf-gazebo-222b5b368663/build/CMakeFiles/CMakeTmp/CMakeFiles 1
Building CXX object CMakeFiles/cmTryCompileExec1116199710.dir/src.cxx.o
/usr/bin/c++    -s -O3 -DNDEBUG  -Wall -Wextra -Wno-long-long -Wno-unused-value -Wno-unused-value -Wno-unused-value -Wno-unused-value -Wfloat-equal -Wshadow -Winit-self -Wswitch-default -Wmissing-include-dirs -pedantic -msse -msse2 -mfpmath=sse -msse3 -mssse3  -DHAVE_COSF   -o CMakeFiles/cmTryCompileExec1116199710.dir/src.cxx.o -c /Users/spyros/Downloads/osrf-gazebo-222b5b368663/build/CMakeFiles/CMakeTmp/src.cxx
clang: warning: argument unused during compilation: '-s'
clang: warning: argument unused during compilation: '-mfpmath=sse'
Linking CXX executable cmTryCompileExec1116199710
/usr/local/Cellar/cmake/2.8.11.1/bin/cmake -E cmake_link_script CMakeFiles/cmTryCompileExec1116199710.dir/link.txt --verbose=1
/usr/bin/c++     -s -O3 -DNDEBUG  -Wall -Wextra -Wno-long-long -Wno-unused-value -Wno-unused-value -Wno-unused-value -Wno-unused-value -Wfloat-equal -Wshadow -Winit-self -Wswitch-default -Wmissing-include-dirs -pedantic -msse -msse2 -mfpmath=sse -msse3 -mssse3  -DHAVE_COSF -Wl,-search_paths_first -Wl,-headerpad_max_install_names   CMakeFiles/cmTryCompileExec1116199710.dir/src.cxx.o  -o cmTryCompileExec1116199710  
ld: warning: option -s is obsolete and being ignored

Source file was:
#include <math.h> 
int main() {cosf(0); return 1;}
Performing C++ SOURCE FILE Test HAVE_FABSF succeded with the following output:
Change Dir: /Users/spyros/Downloads/osrf-gazebo-222b5b368663/build/CMakeFiles/CMakeTmp

Run Build Command:/usr/bin/make "cmTryCompileExec3175957190/fast"
/usr/bin/make -f CMakeFiles/cmTryCompileExec3175957190.dir/build.make CMakeFiles/cmTryCompileExec3175957190.dir/build
/usr/local/Cellar/cmake/2.8.11.1/bin/cmake -E cmake_progress_report /Users/spyros/Downloads/osrf-gazebo-222b5b368663/build/CMakeFiles/CMakeTmp/CMakeFiles 1
Building CXX object CMakeFiles/cmTryCompileExec3175957190.dir/src.cxx.o
/usr/bin/c++    -s -O3 -DNDEBUG  -Wall -Wextra -Wno-long-long -Wno-unused-value -Wno-unused-value -Wno-unused-value -Wno-unused-value -Wfloat-equal -Wshadow -Winit-self -Wswitch-default -Wmissing-include-dirs -pedantic -msse -msse2 -mfpmath=sse -msse3 -mssse3  -DHAVE_FABSF   -o CMakeFiles/cmTryCompileExec3175957190.dir/src.cxx.o -c /Users/spyros/Downloads/osrf-gazebo-222b5b368663/build/CMakeFiles/CMakeTmp/src.cxx
clang: warning: argument unused during compilation: '-s'
clang: warning: argument unused during compilation: '-mfpmath=sse'
Linking CXX executable cmTryCompileExec3175957190
/usr/local/Cellar/cmake/2.8.11.1/bin/cmake -E cmake_link_script CMakeFiles/cmTryCompileExec3175957190.dir/link.txt --verbose=1
/usr/bin/c++     -s -O3 -DNDEBUG  -Wall -Wextra -Wno-long-long -Wno-unused-value -Wno-unused-value -Wno-unused-value -Wno-unused-value -Wfloat-equal -Wshadow -Winit-self -Wswitch-default -Wmissing-include-dirs -pedantic -msse -msse2 -mfpmath=sse -msse3 -mssse3  -DHAVE_FABSF -Wl,-search_paths_first -Wl,-headerpad_max_install_names   CMakeFiles/cmTryCompileExec3175957190.dir/src.cxx.o  -o cmTryCompileExec3175957190  
ld: warning: option -s is obsolete and being ignored

Source file was:
#include <math.h> 
int main() {fabsf(0); return 1;}
Performing C++ SOURCE FILE Test HAVE_FLOOR succeded with the following output:
Change Dir: /Users/spyros/Downloads/osrf-gazebo-222b5b368663/build/CMakeFiles/CMakeTmp

Run Build Command:/usr/bin/make "cmTryCompileExec2642092778/fast"
/usr/bin/make -f CMakeFiles/cmTryCompileExec2642092778.dir/build.make CMakeFiles/cmTryCompileExec2642092778.dir/build
/usr/local/Cellar/cmake/2.8.11.1/bin/cmake -E cmake_progress_report /Users/spyros/Downloads/osrf-gazebo-222b5b368663/build/CMakeFiles/CMakeTmp/CMakeFiles 1
Building CXX object CMakeFiles/cmTryCompileExec2642092778.dir/src.cxx.o
/usr/bin/c++    -s -O3 -DNDEBUG  -Wall -Wextra -Wno-long-long -Wno-unused-value -Wno-unused-value -Wno-unused-value -Wno-unused-value -Wfloat-equal -Wshadow -Winit-self -Wswitch-default -Wmissing-include-dirs -pedantic -msse -msse2 -mfpmath=sse -msse3 -mssse3  -DHAVE_FLOOR   -o CMakeFiles/cmTryCompileExec2642092778.dir/src.cxx.o -c /Users/spyros/Downloads/osrf-gazebo-222b5b368663/build/CMakeFiles/CMakeTmp/src.cxx
clang: warning: argument unused during compilation: '-s'
clang: warning: argument unused during compilation: '-mfpmath=sse'
Linking CXX executable cmTryCompileExec2642092778
/usr/local/Cellar/cmake/2.8.11.1/bin/cmake -E cmake_link_script CMakeFiles/cmTryCompileExec2642092778.dir/link.txt --verbose=1
/usr/bin/c++     -s -O3 -DNDEBUG  -Wall -Wextra -Wno-long-long -Wno-unused-value -Wno-unused-value -Wno-unused-value -Wno-unused-value -Wfloat-equal -Wshadow -Winit-self -Wswitch-default -Wmissing-include-dirs -pedantic -msse -msse2 -mfpmath=sse -msse3 -mssse3  -DHAVE_FLOOR -Wl,-search_paths_first -Wl,-headerpad_max_install_names   CMakeFiles/cmTryCompileExec2642092778.dir/src.cxx.o  -o cmTryCompileExec2642092778  
ld: warning: option -s is obsolete and being ignored

Source file was:
#include <math.h> 
int main() {floor(0); return 1;}
Performing C++ SOURCE FILE Test HAVE_FMODF succeded with the following output:
Change Dir: /Users/spyros/Downloads/osrf-gazebo-222b5b368663/build/CMakeFiles/CMakeTmp

Run Build Command:/usr/bin/make "cmTryCompileExec2297094297/fast"
/usr/bin/make -f CMakeFiles/cmTryCompileExec2297094297.dir/build.make CMakeFiles/cmTryCompileExec2297094297.dir/build
/usr/local/Cellar/cmake/2.8.11.1/bin/cmake -E cmake_progress_report /Users/spyros/Downloads/osrf-gazebo-222b5b368663/build/CMakeFiles/CMakeTmp/CMakeFiles 1
Building CXX object CMakeFiles/cmTryCompileExec2297094297.dir/src.cxx.o
/usr/bin/c++    -s -O3 -DNDEBUG  -Wall -Wextra -Wno-long-long -Wno-unused-value -Wno-unused-value -Wno-unused-value -Wno-unused-value -Wfloat-equal -Wshadow -Winit-self -Wswitch-default -Wmissing-include-dirs -pedantic -msse -msse2 -mfpmath=sse -msse3 -mssse3  -DHAVE_FMODF   -o CMakeFiles/cmTryCompileExec2297094297.dir/src.cxx.o -c /Users/spyros/Downloads/osrf-gazebo-222b5b368663/build/CMakeFiles/CMakeTmp/src.cxx
clang: warning: argument unused during compilation: '-s'
clang: warning: argument unused during compilation: '-mfpmath=sse'
Linking CXX executable cmTryCompileExec2297094297
/usr/local/Cellar/cmake/2.8.11.1/bin/cmake -E cmake_link_script CMakeFiles/cmTryCompileExec2297094297.dir/link.txt --verbose=1
/usr/bin/c++     -s -O3 -DNDEBUG  -Wall -Wextra -Wno-long-long -Wno-unused-value -Wno-unused-value -Wno-unused-value -Wno-unused-value -Wfloat-equal -Wshadow -Winit-self -Wswitch-default -Wmissing-include-dirs -pedantic -msse -msse2 -mfpmath=sse -msse3 -mssse3  -DHAVE_FMODF -Wl,-search_paths_first -Wl,-headerpad_max_install_names   CMakeFiles/cmTryCompileExec2297094297.dir/src.cxx.o  -o cmTryCompileExec2297094297  
ld: warning: option -s is obsolete and being ignored

Source file was:
#include <math.h> 
int main() {fmodf(0,0); return 1;}
Performing C++ SOURCE FILE Test HAVE_GETTIMEOFDAY succeded with the following output:
Change Dir: /Users/spyros/Downloads/osrf-gazebo-222b5b368663/build/CMakeFiles/CMakeTmp

Run Build Command:/usr/bin/make "cmTryCompileExec3116957302/fast"
/usr/bin/make -f CMakeFiles/cmTryCompileExec3116957302.dir/build.make CMakeFiles/cmTryCompileExec3116957302.dir/build
/usr/local/Cellar/cmake/2.8.11.1/bin/cmake -E cmake_progress_report /Users/spyros/Downloads/osrf-gazebo-222b5b368663/build/CMakeFiles/CMakeTmp/CMakeFiles 1
Building CXX object CMakeFiles/cmTryCompileExec3116957302.dir/src.cxx.o
/usr/bin/c++    -s -O3 -DNDEBUG  -Wall -Wextra -Wno-long-long -Wno-unused-value -Wno-unused-value -Wno-unused-value -Wno-unused-value -Wfloat-equal -Wshadow -Winit-self -Wswitch-default -Wmissing-include-dirs -pedantic -msse -msse2 -mfpmath=sse -msse3 -mssse3  -DHAVE_GETTIMEOFDAY   -o CMakeFiles/cmTryCompileExec3116957302.dir/src.cxx.o -c /Users/spyros/Downloads/osrf-gazebo-222b5b368663/build/CMakeFiles/CMakeTmp/src.cxx
clang: warning: argument unused during compilation: '-s'
clang: warning: argument unused during compilation: '-mfpmath=sse'
Linking CXX executable cmTryCompileExec3116957302
/usr/local/Cellar/cmake/2.8.11.1/bin/cmake -E cmake_link_script CMakeFiles/cmTryCompileExec3116957302.dir/link.txt --verbose=1
/usr/bin/c++     -s -O3 -DNDEBUG  -Wall -Wextra -Wno-long-long -Wno-unused-value -Wno-unused-value -Wno-unused-value -Wno-unused-value -Wfloat-equal -Wshadow -Winit-self -Wswitch-default -Wmissing-include-dirs -pedantic -msse -msse2 -mfpmath=sse -msse3 -mssse3  -DHAVE_GETTIMEOFDAY -Wl,-search_paths_first -Wl,-headerpad_max_install_names   CMakeFiles/cmTryCompileExec3116957302.dir/src.cxx.o  -o cmTryCompileExec3116957302  
ld: warning: option -s is obsolete and being ignored

Source file was:
#include <sys/time.h> 
int main() {gettimeofday(0,0); return 1;}
Performing C++ SOURCE FILE Test HAVE_ISNAN succeded with the following output:
Change Dir: /Users/spyros/Downloads/osrf-gazebo-222b5b368663/build/CMakeFiles/CMakeTmp

Run Build Command:/usr/bin/make "cmTryCompileExec3933284339/fast"
/usr/bin/make -f CMakeFiles/cmTryCompileExec3933284339.dir/build.make CMakeFiles/cmTryCompileExec3933284339.dir/build
/usr/local/Cellar/cmake/2.8.11.1/bin/cmake -E cmake_progress_report /Users/spyros/Downloads/osrf-gazebo-222b5b368663/build/CMakeFiles/CMakeTmp/CMakeFiles 1
Building CXX object CMakeFiles/cmTryCompileExec3933284339.dir/src.cxx.o
/usr/bin/c++    -s -O3 -DNDEBUG  -Wall -Wextra -Wno-long-long -Wno-unused-value -Wno-unused-value -Wno-unused-value -Wno-unused-value -Wfloat-equal -Wshadow -Winit-self -Wswitch-default -Wmissing-include-dirs -pedantic -msse -msse2 -mfpmath=sse -msse3 -mssse3  -DHAVE_ISNAN   -o CMakeFiles/cmTryCompileExec3933284339.dir/src.cxx.o -c /Users/spyros/Downloads/osrf-gazebo-222b5b368663/build/CMakeFiles/CMakeTmp/src.cxx
clang: warning: argument unused during compilation: '-s'
clang: warning: argument unused during compilation: '-mfpmath=sse'
Linking CXX executable cmTryCompileExec3933284339
/usr/local/Cellar/cmake/2.8.11.1/bin/cmake -E cmake_link_script CMakeFiles/cmTryCompileExec3933284339.dir/link.txt --verbose=1
/usr/bin/c++     -s -O3 -DNDEBUG  -Wall -Wextra -Wno-long-long -Wno-unused-value -Wno-unused-value -Wno-unused-value -Wno-unused-value -Wfloat-equal -Wshadow -Winit-self -Wswitch-default -Wmissing-include-dirs -pedantic -msse -msse2 -mfpmath=sse -msse3 -mssse3  -DHAVE_ISNAN -Wl,-search_paths_first -Wl,-headerpad_max_install_names   CMakeFiles/cmTryCompileExec3933284339.dir/src.cxx.o  -o cmTryCompileExec3933284339  
ld: warning: option -s is obsolete and being ignored

Source file was:
#include <math.h> 
int main() {isnan(0); return 1;}
Performing C++ SOURCE FILE Test HAVE_MALLOC succeded with the following output:
Change Dir: /Users/spyros/Downloads/osrf-gazebo-222b5b368663/build/CMakeFiles/CMakeTmp

Run Build Command:/usr/bin/make "cmTryCompileExec2550059478/fast"
/usr/bin/make -f CMakeFiles/cmTryCompileExec2550059478.dir/build.make CMakeFiles/cmTryCompileExec2550059478.dir/build
/usr/local/Cellar/cmake/2.8.11.1/bin/cmake -E cmake_progress_report /Users/spyros/Downloads/osrf-gazebo-222b5b368663/build/CMakeFiles/CMakeTmp/CMakeFiles 1
Building CXX object CMakeFiles/cmTryCompileExec2550059478.dir/src.cxx.o
/usr/bin/c++    -s -O3 -DNDEBUG  -Wall -Wextra -Wno-long-long -Wno-unused-value -Wno-unused-value -Wno-unused-value -Wno-unused-value -Wfloat-equal -Wshadow -Winit-self -Wswitch-default -Wmissing-include-dirs -pedantic -msse -msse2 -mfpmath=sse -msse3 -mssse3  -DHAVE_MALLOC   -o CMakeFiles/cmTryCompileExec2550059478.dir/src.cxx.o -c /Users/spyros/Downloads/osrf-gazebo-222b5b368663/build/CMakeFiles/CMakeTmp/src.cxx
clang: warning: argument unused during compilation: '-s'
clang: warning: argument unused during compilation: '-mfpmath=sse'
Linking CXX executable cmTryCompileExec2550059478
/usr/local/Cellar/cmake/2.8.11.1/bin/cmake -E cmake_link_script CMakeFiles/cmTryCompileExec2550059478.dir/link.txt --verbose=1
/usr/bin/c++     -s -O3 -DNDEBUG  -Wall -Wextra -Wno-long-long -Wno-unused-value -Wno-unused-value -Wno-unused-value -Wno-unused-value -Wfloat-equal -Wshadow -Winit-self -Wswitch-default -Wmissing-include-dirs -pedantic -msse -msse2 -mfpmath=sse -msse3 -mssse3  -DHAVE_MALLOC -Wl,-search_paths_first -Wl,-headerpad_max_install_names   CMakeFiles/cmTryCompileExec2550059478.dir/src.cxx.o  -o cmTryCompileExec2550059478  
ld: warning: option -s is obsolete and being ignored

Source file was:
#include <stdlib.h> 
int main() {malloc(0); return 1;}
Performing C++ SOURCE FILE Test HAVE_MEMMOVE succeded with the following output:
Change Dir: /Users/spyros/Downloads/osrf-gazebo-222b5b368663/build/CMakeFiles/CMakeTmp

Run Build Command:/usr/bin/make "cmTryCompileExec4014796833/fast"
/usr/bin/make -f CMakeFiles/cmTryCompileExec4014796833.dir/build.make CMakeFiles/cmTryCompileExec4014796833.dir/build
/usr/local/Cellar/cmake/2.8.11.1/bin/cmake -E cmake_progress_report /Users/spyros/Downloads/osrf-gazebo-222b5b368663/build/CMakeFiles/CMakeTmp/CMakeFiles 1
Building CXX object CMakeFiles/cmTryCompileExec4014796833.dir/src.cxx.o
/usr/bin/c++    -s -O3 -DNDEBUG  -Wall -Wextra -Wno-long-long -Wno-unused-value -Wno-unused-value -Wno-unused-value -Wno-unused-value -Wfloat-equal -Wshadow -Winit-self -Wswitch-default -Wmissing-include-dirs -pedantic -msse -msse2 -mfpmath=sse -msse3 -mssse3  -DHAVE_MEMMOVE   -o CMakeFiles/cmTryCompileExec4014796833.dir/src.cxx.o -c /Users/spyros/Downloads/osrf-gazebo-222b5b368663/build/CMakeFiles/CMakeTmp/src.cxx
clang: warning: argument unused during compilation: '-s'
clang: warning: argument unused during compilation: '-mfpmath=sse'
Linking CXX executable cmTryCompileExec4014796833
/usr/local/Cellar/cmake/2.8.11.1/bin/cmake -E cmake_link_script CMakeFiles/cmTryCompileExec4014796833.dir/link.txt --verbose=1
/usr/bin/c++     -s -O3 -DNDEBUG  -Wall -Wextra -Wno-long-long -Wno-unused-value -Wno-unused-value -Wno-unused-value -Wno-unused-value -Wfloat-equal -Wshadow -Winit-self -Wswitch-default -Wmissing-include-dirs -pedantic -msse -msse2 -mfpmath=sse -msse3 -mssse3  -DHAVE_MEMMOVE -Wl,-search_paths_first -Wl,-headerpad_max_install_names   CMakeFiles/cmTryCompileExec4014796833.dir/src.cxx.o  -o cmTryCompileExec4014796833  
ld: warning: option -s is obsolete and being ignored

Source file was:
#include <string.h> 
int main() {memmove(0,0,0); return 1;}
Performing C++ SOURCE FILE Test HAVE_MEMSET succeded with the following output:
Change Dir: /Users/spyros/Downloads/osrf-gazebo-222b5b368663/build/CMakeFiles/CMakeTmp

Run Build Command:/usr/bin/make "cmTryCompileExec3942617465/fast"
/usr/bin/make -f CMakeFiles/cmTryCompileExec3942617465.dir/build.make CMakeFiles/cmTryCompileExec3942617465.dir/build
/usr/local/Cellar/cmake/2.8.11.1/bin/cmake -E cmake_progress_report /Users/spyros/Downloads/osrf-gazebo-222b5b368663/build/CMakeFiles/CMakeTmp/CMakeFiles 1
Building CXX object CMakeFiles/cmTryCompileExec3942617465.dir/src.cxx.o
/usr/bin/c++    -s -O3 -DNDEBUG  -Wall -Wextra -Wno-long-long -Wno-unused-value -Wno-unused-value -Wno-unused-value -Wno-unused-value -Wfloat-equal -Wshadow -Winit-self -Wswitch-default -Wmissing-include-dirs -pedantic -msse -msse2 -mfpmath=sse -msse3 -mssse3  -DHAVE_MEMSET   -o CMakeFiles/cmTryCompileExec3942617465.dir/src.cxx.o -c /Users/spyros/Downloads/osrf-gazebo-222b5b368663/build/CMakeFiles/CMakeTmp/src.cxx
clang: warning: argument unused during compilation: '-s'
clang: warning: argument unused during compilation: '-mfpmath=sse'
Linking CXX executable cmTryCompileExec3942617465
/usr/local/Cellar/cmake/2.8.11.1/bin/cmake -E cmake_link_script CMakeFiles/cmTryCompileExec3942617465.dir/link.txt --verbose=1
/usr/bin/c++     -s -O3 -DNDEBUG  -Wall -Wextra -Wno-long-long -Wno-unused-value -Wno-unused-value -Wno-unused-value -Wno-unused-value -Wfloat-equal -Wshadow -Winit-self -Wswitch-default -Wmissing-include-dirs -pedantic -msse -msse2 -mfpmath=sse -msse3 -mssse3  -DHAVE_MEMSET -Wl,-search_paths_first -Wl,-headerpad_max_install_names   CMakeFiles/cmTryCompileExec3942617465.dir/src.cxx.o  -o cmTryCompileExec3942617465  
ld: warning: option -s is obsolete and being ignored

Source file was:
#include <string.h> 
int main() {memset(0,0,0); return 1;}
Performing C++ SOURCE FILE Test HAVE_REALLOC succeded with the following output:
Change Dir: /Users/spyros/Downloads/osrf-gazebo-222b5b368663/build/CMakeFiles/CMakeTmp

Run Build Command:/usr/bin/make "cmTryCompileExec2674223583/fast"
/usr/bin/make -f CMakeFiles/cmTryCompileExec2674223583.dir/build.make CMakeFiles/cmTryCompileExec2674223583.dir/build
/usr/local/Cellar/cmake/2.8.11.1/bin/cmake -E cmake_progress_report /Users/spyros/Downloads/osrf-gazebo-222b5b368663/build/CMakeFiles/CMakeTmp/CMakeFiles 1
Building CXX object CMakeFiles/cmTryCompileExec2674223583.dir/src.cxx.o
/usr/bin/c++    -s -O3 -DNDEBUG  -Wall -Wextra -Wno-long-long -Wno-unused-value -Wno-unused-value -Wno-unused-value -Wno-unused-value -Wfloat-equal -Wshadow -Winit-self -Wswitch-default -Wmissing-include-dirs -pedantic -msse -msse2 -mfpmath=sse -msse3 -mssse3  -DHAVE_REALLOC   -o CMakeFiles/cmTryCompileExec2674223583.dir/src.cxx.o -c /Users/spyros/Downloads/osrf-gazebo-222b5b368663/build/CMakeFiles/CMakeTmp/src.cxx
clang: warning: argument unused during compilation: '-s'
clang: warning: argument unused during compilation: '-mfpmath=sse'
Linking CXX executable cmTryCompileExec2674223583
/usr/local/Cellar/cmake/2.8.11.1/bin/cmake -E cmake_link_script CMakeFiles/cmTryCompileExec2674223583.dir/link.txt --verbose=1
/usr/bin/c++     -s -O3 -DNDEBUG  -Wall -Wextra -Wno-long-long -Wno-unused-value -Wno-unused-value -Wno-unused-value -Wno-unused-value -Wfloat-equal -Wshadow -Winit-self -Wswitch-default -Wmissing-include-dirs -pedantic -msse -msse2 -mfpmath=sse -msse3 -mssse3  -DHAVE_REALLOC -Wl,-search_paths_first -Wl,-headerpad_max_install_names   CMakeFiles/cmTryCompileExec2674223583.dir/src.cxx.o  -o cmTryCompileExec2674223583  
ld: warning: option -s is obsolete and being ignored

Source file was:
#include <stdlib.h> 
int main() {realloc(0,0); return 1;}
Performing C++ SOURCE FILE Test HAVE_SELECT succeded with the following output:
Change Dir: /Users/spyros/Downloads/osrf-gazebo-222b5b368663/build/CMakeFiles/CMakeTmp

Run Build Command:/usr/bin/make "cmTryCompileExec1060852011/fast"
/usr/bin/make -f CMakeFiles/cmTryCompileExec1060852011.dir/build.make CMakeFiles/cmTryCompileExec1060852011.dir/build
/usr/local/Cellar/cmake/2.8.11.1/bin/cmake -E cmake_progress_report /Users/spyros/Downloads/osrf-gazebo-222b5b368663/build/CMakeFiles/CMakeTmp/CMakeFiles 1
Building CXX object CMakeFiles/cmTryCompileExec1060852011.dir/src.cxx.o
/usr/bin/c++    -s -O3 -DNDEBUG  -Wall -Wextra -Wno-long-long -Wno-unused-value -Wno-unused-value -Wno-unused-value -Wno-unused-value -Wfloat-equal -Wshadow -Winit-self -Wswitch-default -Wmissing-include-dirs -pedantic -msse -msse2 -mfpmath=sse -msse3 -mssse3  -DHAVE_SELECT   -o CMakeFiles/cmTryCompileExec1060852011.dir/src.cxx.o -c /Users/spyros/Downloads/osrf-gazebo-222b5b368663/build/CMakeFiles/CMakeTmp/src.cxx
clang: warning: argument unused during compilation: '-s'
clang: warning: argument unused during compilation: '-mfpmath=sse'
Linking CXX executable cmTryCompileExec1060852011
/usr/local/Cellar/cmake/2.8.11.1/bin/cmake -E cmake_link_script CMakeFiles/cmTryCompileExec1060852011.dir/link.txt --verbose=1
/usr/bin/c++     -s -O3 -DNDEBUG  -Wall -Wextra -Wno-long-long -Wno-unused-value -Wno-unused-value -Wno-unused-value -Wno-unused-value -Wfloat-equal -Wshadow -Winit-self -Wswitch-default -Wmissing-include-dirs -pedantic -msse -msse2 -mfpmath=sse -msse3 -mssse3  -DHAVE_SELECT -Wl,-search_paths_first -Wl,-headerpad_max_install_names   CMakeFiles/cmTryCompileExec1060852011.dir/src.cxx.o  -o cmTryCompileExec1060852011  
ld: warning: option -s is obsolete and being ignored

Source file was:
#include <sys/select.h> 
int main() {select(0,0,0,0,0); return 1;}
Performing C++ SOURCE FILE Test HAVE_SINF succeded with the following output:
Change Dir: /Users/spyros/Downloads/osrf-gazebo-222b5b368663/build/CMakeFiles/CMakeTmp

Run Build Command:/usr/bin/make "cmTryCompileExec2424068242/fast"
/usr/bin/make -f CMakeFiles/cmTryCompileExec2424068242.dir/build.make CMakeFiles/cmTryCompileExec2424068242.dir/build
/usr/local/Cellar/cmake/2.8.11.1/bin/cmake -E cmake_progress_report /Users/spyros/Downloads/osrf-gazebo-222b5b368663/build/CMakeFiles/CMakeTmp/CMakeFiles 1
Building CXX object CMakeFiles/cmTryCompileExec2424068242.dir/src.cxx.o
/usr/bin/c++    -s -O3 -DNDEBUG  -Wall -Wextra -Wno-long-long -Wno-unused-value -Wno-unused-value -Wno-unused-value -Wno-unused-value -Wfloat-equal -Wshadow -Winit-self -Wswitch-default -Wmissing-include-dirs -pedantic -msse -msse2 -mfpmath=sse -msse3 -mssse3  -DHAVE_SINF   -o CMakeFiles/cmTryCompileExec2424068242.dir/src.cxx.o -c /Users/spyros/Downloads/osrf-gazebo-222b5b368663/build/CMakeFiles/CMakeTmp/src.cxx
clang: warning: argument unused during compilation: '-s'
clang: warning: argument unused during compilation: '-mfpmath=sse'
Linking CXX executable cmTryCompileExec2424068242
/usr/local/Cellar/cmake/2.8.11.1/bin/cmake -E cmake_link_script CMakeFiles/cmTryCompileExec2424068242.dir/link.txt --verbose=1
/usr/bin/c++     -s -O3 -DNDEBUG  -Wall -Wextra -Wno-long-long -Wno-unused-value -Wno-unused-value -Wno-unused-value -Wno-unused-value -Wfloat-equal -Wshadow -Winit-self -Wswitch-default -Wmissing-include-dirs -pedantic -msse -msse2 -mfpmath=sse -msse3 -mssse3  -DHAVE_SINF -Wl,-search_paths_first -Wl,-headerpad_max_install_names   CMakeFiles/cmTryCompileExec2424068242.dir/src.cxx.o  -o cmTryCompileExec2424068242  
ld: warning: option -s is obsolete and being ignored

Source file was:
#include <math.h> 
int main() {sinf(0); return 1;}
Performing C++ SOURCE FILE Test HAVE_SPRINTF succeded with the following output:
Change Dir: /Users/spyros/Downloads/osrf-gazebo-222b5b368663/build/CMakeFiles/CMakeTmp

Run Build Command:/usr/bin/make "cmTryCompileExec1520501342/fast"
/usr/bin/make -f CMakeFiles/cmTryCompileExec1520501342.dir/build.make CMakeFiles/cmTryCompileExec1520501342.dir/build
/usr/local/Cellar/cmake/2.8.11.1/bin/cmake -E cmake_progress_report /Users/spyros/Downloads/osrf-gazebo-222b5b368663/build/CMakeFiles/CMakeTmp/CMakeFiles 1
Building CXX object CMakeFiles/cmTryCompileExec1520501342.dir/src.cxx.o
/usr/bin/c++    -s -O3 -DNDEBUG  -Wall -Wextra -Wno-long-long -Wno-unused-value -Wno-unused-value -Wno-unused-value -Wno-unused-value -Wfloat-equal -Wshadow -Winit-self -Wswitch-default -Wmissing-include-dirs -pedantic -msse -msse2 -mfpmath=sse -msse3 -mssse3  -DHAVE_SPRINTF   -o CMakeFiles/cmTryCompileExec1520501342.dir/src.cxx.o -c /Users/spyros/Downloads/osrf-gazebo-222b5b368663/build/CMakeFiles/CMakeTmp/src.cxx
clang: warning: argument unused during compilation: '-s'
clang: warning: argument unused during compilation: '-mfpmath=sse'
Linking CXX executable cmTryCompileExec1520501342
/usr/local/Cellar/cmake/2.8.11.1/bin/cmake -E cmake_link_script CMakeFiles/cmTryCompileExec1520501342.dir/link.txt --verbose=1
/usr/bin/c++     -s -O3 -DNDEBUG  -Wall -Wextra -Wno-long-long -Wno-unused-value -Wno-unused-value -Wno-unused-value -Wno-unused-value -Wfloat-equal -Wshadow -Winit-self -Wswitch-default -Wmissing-include-dirs -pedantic -msse -msse2 -mfpmath=sse -msse3 -mssse3  -DHAVE_SPRINTF -Wl,-search_paths_first -Wl,-headerpad_max_install_names   CMakeFiles/cmTryCompileExec1520501342.dir/src.cxx.o  -o cmTryCompileExec1520501342  
ld: warning: option -s is obsolete and being ignored

Source file was:
#include <stdio.h> 
int main() {sprintf(0,0); return 1;}
Performing C++ SOURCE FILE Test HAVE_SQRT succeded with the following output:
Change Dir: /Users/spyros/Downloads/osrf-gazebo-222b5b368663/build/CMakeFiles/CMakeTmp

Run Build Command:/usr/bin/make "cmTryCompileExec4242589767/fast"
/usr/bin/make -f CMakeFiles/cmTryCompileExec4242589767.dir/build.make CMakeFiles/cmTryCompileExec4242589767.dir/build
/usr/local/Cellar/cmake/2.8.11.1/bin/cmake -E cmake_progress_report /Users/spyros/Downloads/osrf-gazebo-222b5b368663/build/CMakeFiles/CMakeTmp/CMakeFiles 1
Building CXX object CMakeFiles/cmTryCompileExec4242589767.dir/src.cxx.o
/usr/bin/c++    -s -O3 -DNDEBUG  -Wall -Wextra -Wno-long-long -Wno-unused-value -Wno-unused-value -Wno-unused-value -Wno-unused-value -Wfloat-equal -Wshadow -Winit-self -Wswitch-default -Wmissing-include-dirs -pedantic -msse -msse2 -mfpmath=sse -msse3 -mssse3  -DHAVE_SQRT   -o CMakeFiles/cmTryCompileExec4242589767.dir/src.cxx.o -c /Users/spyros/Downloads/osrf-gazebo-222b5b368663/build/CMakeFiles/CMakeTmp/src.cxx
clang: warning: argument unused during compilation: '-s'
clang: warning: argument unused during compilation: '-mfpmath=sse'
Linking CXX executable cmTryCompileExec4242589767
/usr/local/Cellar/cmake/2.8.11.1/bin/cmake -E cmake_link_script CMakeFiles/cmTryCompileExec4242589767.dir/link.txt --verbose=1
/usr/bin/c++     -s -O3 -DNDEBUG  -Wall -Wextra -Wno-long-long -Wno-unused-value -Wno-unused-value -Wno-unused-value -Wno-unused-value -Wfloat-equal -Wshadow -Winit-self -Wswitch-default -Wmissing-include-dirs -pedantic -msse -msse2 -mfpmath=sse -msse3 -mssse3  -DHAVE_SQRT -Wl,-search_paths_first -Wl,-headerpad_max_install_names   CMakeFiles/cmTryCompileExec4242589767.dir/src.cxx.o  -o cmTryCompileExec4242589767  
ld: warning: option -s is obsolete and being ignored

Source file was:
#include <math.h> 
int main() {sqrt(0); return 1;}
Performing C++ SOURCE FILE Test HAVE_SQRTF succeded with the following output:
Change Dir: /Users/spyros/Downloads/osrf-gazebo-222b5b368663/build/CMakeFiles/CMakeTmp

Run Build Command:/usr/bin/make "cmTryCompileExec2887075450/fast"
/usr/bin/make -f CMakeFiles/cmTryCompileExec2887075450.dir/build.make CMakeFiles/cmTryCompileExec2887075450.dir/build
/usr/local/Cellar/cmake/2.8.11.1/bin/cmake -E cmake_progress_report /Users/spyros/Downloads/osrf-gazebo-222b5b368663/build/CMakeFiles/CMakeTmp/CMakeFiles 1
Building CXX object CMakeFiles/cmTryCompileExec2887075450.dir/src.cxx.o
/usr/bin/c++    -s -O3 -DNDEBUG  -Wall -Wextra -Wno-long-long -Wno-unused-value -Wno-unused-value -Wno-unused-value -Wno-unused-value -Wfloat-equal -Wshadow -Winit-self -Wswitch-default -Wmissing-include-dirs -pedantic -msse -msse2 -mfpmath=sse -msse3 -mssse3  -DHAVE_SQRTF   -o CMakeFiles/cmTryCompileExec2887075450.dir/src.cxx.o -c /Users/spyros/Downloads/osrf-gazebo-222b5b368663/build/CMakeFiles/CMakeTmp/src.cxx
clang: warning: argument unused during compilation: '-s'
clang: warning: argument unused during compilation: '-mfpmath=sse'
Linking CXX executable cmTryCompileExec2887075450
/usr/local/Cellar/cmake/2.8.11.1/bin/cmake -E cmake_link_script CMakeFiles/cmTryCompileExec2887075450.dir/link.txt --verbose=1
/usr/bin/c++     -s -O3 -DNDEBUG  -Wall -Wextra -Wno-long-long -Wno-unused-value -Wno-unused-value -Wno-unused-value -Wno-unused-value -Wfloat-equal -Wshadow -Winit-self -Wswitch-default -Wmissing-include-dirs -pedantic -msse -msse2 -mfpmath=sse -msse3 -mssse3  -DHAVE_SQRTF -Wl,-search_paths_first -Wl,-headerpad_max_install_names   CMakeFiles/cmTryCompileExec2887075450.dir/src.cxx.o  -o cmTryCompileExec2887075450  
ld: warning: option -s is obsolete and being ignored

Source file was:
#include <math.h> 
int main() {sqrtf(0); return 1;}
Performing C++ SOURCE FILE Test HAVE_VPRINTF succeded with the following output:
Change Dir: /Users/spyros/Downloads/osrf-gazebo-222b5b368663/build/CMakeFiles/CMakeTmp

Run Build Command:/usr/bin/make "cmTryCompileExec366984774/fast"
/usr/bin/make -f CMakeFiles/cmTryCompileExec366984774.dir/build.make CMakeFiles/cmTryCompileExec366984774.dir/build
/usr/local/Cellar/cmake/2.8.11.1/bin/cmake -E cmake_progress_report /Users/spyros/Downloads/osrf-gazebo-222b5b368663/build/CMakeFiles/CMakeTmp/CMakeFiles 1
Building CXX object CMakeFiles/cmTryCompileExec366984774.dir/src.cxx.o
/usr/bin/c++    -s -O3 -DNDEBUG  -Wall -Wextra -Wno-long-long -Wno-unused-value -Wno-unused-value -Wno-unused-value -Wno-unused-value -Wfloat-equal -Wshadow -Winit-self -Wswitch-default -Wmissing-include-dirs -pedantic -msse -msse2 -mfpmath=sse -msse3 -mssse3  -DHAVE_VPRINTF   -o CMakeFiles/cmTryCompileExec366984774.dir/src.cxx.o -c /Users/spyros/Downloads/osrf-gazebo-222b5b368663/build/CMakeFiles/CMakeTmp/src.cxx
clang: warning: argument unused during compilation: '-s'
clang: warning: argument unused during compilation: '-mfpmath=sse'
Linking CXX executable cmTryCompileExec366984774
/usr/local/Cellar/cmake/2.8.11.1/bin/cmake -E cmake_link_script CMakeFiles/cmTryCompileExec366984774.dir/link.txt --verbose=1
/usr/bin/c++     -s -O3 -DNDEBUG  -Wall -Wextra -Wno-long-long -Wno-unused-value -Wno-unused-value -Wno-unused-value -Wno-unused-value -Wfloat-equal -Wshadow -Winit-self -Wswitch-default -Wmissing-include-dirs -pedantic -msse -msse2 -mfpmath=sse -msse3 -mssse3  -DHAVE_VPRINTF -Wl,-search_paths_first -Wl,-headerpad_max_install_names   CMakeFiles/cmTryCompileExec366984774.dir/src.cxx.o  -o cmTryCompileExec366984774  
ld: warning: option -s is obsolete and being ignored

Source file was:
#include <stdarg.h> 
#include <stdio.h>
int main() {va_list ap; vprintf(0,ap); return 1;}
Performing C++ SOURCE FILE Test HAVE_VSNPRINTF succeded with the following output:
Change Dir: /Users/spyros/Downloads/osrf-gazebo-222b5b368663/build/CMakeFiles/CMakeTmp

Run Build Command:/usr/bin/make "cmTryCompileExec1863776903/fast"
/usr/bin/make -f CMakeFiles/cmTryCompileExec1863776903.dir/build.make CMakeFiles/cmTryCompileExec1863776903.dir/build
/usr/local/Cellar/cmake/2.8.11.1/bin/cmake -E cmake_progress_report /Users/spyros/Downloads/osrf-gazebo-222b5b368663/build/CMakeFiles/CMakeTmp/CMakeFiles 1
Building CXX object CMakeFiles/cmTryCompileExec1863776903.dir/src.cxx.o
/usr/bin/c++    -s -O3 -DNDEBUG  -Wall -Wextra -Wno-long-long -Wno-unused-value -Wno-unused-value -Wno-unused-value -Wno-unused-value -Wfloat-equal -Wshadow -Winit-self -Wswitch-default -Wmissing-include-dirs -pedantic -msse -msse2 -mfpmath=sse -msse3 -mssse3  -DHAVE_VSNPRINTF   -o CMakeFiles/cmTryCompileExec1863776903.dir/src.cxx.o -c /Users/spyros/Downloads/osrf-gazebo-222b5b368663/build/CMakeFiles/CMakeTmp/src.cxx
clang: warning: argument unused during compilation: '-s'
clang: warning: argument unused during compilation: '-mfpmath=sse'
Linking CXX executable cmTryCompileExec1863776903
/usr/local/Cellar/cmake/2.8.11.1/bin/cmake -E cmake_link_script CMakeFiles/cmTryCompileExec1863776903.dir/link.txt --verbose=1
/usr/bin/c++     -s -O3 -DNDEBUG  -Wall -Wextra -Wno-long-long -Wno-unused-value -Wno-unused-value -Wno-unused-value -Wno-unused-value -Wfloat-equal -Wshadow -Winit-self -Wswitch-default -Wmissing-include-dirs -pedantic -msse -msse2 -mfpmath=sse -msse3 -mssse3  -DHAVE_VSNPRINTF -Wl,-search_paths_first -Wl,-headerpad_max_install_names   CMakeFiles/cmTryCompileExec1863776903.dir/src.cxx.o  -o cmTryCompileExec1863776903  
ld: warning: option -s is obsolete and being ignored

Source file was:
#include <stdarg.h> 
#include <stdio.h>
int main() {va_list ap; vsnprintf(0,0,0,ap); return 1;}
Performing C++ SOURCE FILE Test HAVE_SNPRINTF succeded with the following output:
Change Dir: /Users/spyros/Downloads/osrf-gazebo-222b5b368663/build/CMakeFiles/CMakeTmp

Run Build Command:/usr/bin/make "cmTryCompileExec3943108096/fast"
/usr/bin/make -f CMakeFiles/cmTryCompileExec3943108096.dir/build.make CMakeFiles/cmTryCompileExec3943108096.dir/build
/usr/local/Cellar/cmake/2.8.11.1/bin/cmake -E cmake_progress_report /Users/spyros/Downloads/osrf-gazebo-222b5b368663/build/CMakeFiles/CMakeTmp/CMakeFiles 1
Building CXX object CMakeFiles/cmTryCompileExec3943108096.dir/src.cxx.o
/usr/bin/c++    -s -O3 -DNDEBUG  -Wall -Wextra -Wno-long-long -Wno-unused-value -Wno-unused-value -Wno-unused-value -Wno-unused-value -Wfloat-equal -Wshadow -Winit-self -Wswitch-default -Wmissing-include-dirs -pedantic -msse -msse2 -mfpmath=sse -msse3 -mssse3  -DHAVE_SNPRINTF   -o CMakeFiles/cmTryCompileExec3943108096.dir/src.cxx.o -c /Users/spyros/Downloads/osrf-gazebo-222b5b368663/build/CMakeFiles/CMakeTmp/src.cxx
clang: warning: argument unused during compilation: '-s'
clang: warning: argument unused during compilation: '-mfpmath=sse'
Linking CXX executable cmTryCompileExec3943108096
/usr/local/Cellar/cmake/2.8.11.1/bin/cmake -E cmake_link_script CMakeFiles/cmTryCompileExec3943108096.dir/link.txt --verbose=1
/usr/bin/c++     -s -O3 -DNDEBUG  -Wall -Wextra -Wno-long-long -Wno-unused-value -Wno-unused-value -Wno-unused-value -Wno-unused-value -Wfloat-equal -Wshadow -Winit-self -Wswitch-default -Wmissing-include-dirs -pedantic -msse -msse2 -mfpmath=sse -msse3 -mssse3  -DHAVE_SNPRINTF -Wl,-search_paths_first -Wl,-headerpad_max_install_names   CMakeFiles/cmTryCompileExec3943108096.dir/src.cxx.o  -o cmTryCompileExec3943108096  
ld: warning: option -s is obsolete and being ignored

Source file was:
#include <stdio.h> 
int main() {snprintf(0,0,0); return 1;}
Performing C++ SOURCE FILE Test HAVE_LIMITS succeded with the following output:
Change Dir: /Users/spyros/Downloads/osrf-gazebo-222b5b368663/build/CMakeFiles/CMakeTmp

Run Build Command:/usr/bin/make "cmTryCompileExec3154347703/fast"
/usr/bin/make -f CMakeFiles/cmTryCompileExec3154347703.dir/build.make CMakeFiles/cmTryCompileExec3154347703.dir/build
/usr/local/Cellar/cmake/2.8.11.1/bin/cmake -E cmake_progress_report /Users/spyros/Downloads/osrf-gazebo-222b5b368663/build/CMakeFiles/CMakeTmp/CMakeFiles 1
Building CXX object CMakeFiles/cmTryCompileExec3154347703.dir/src.cxx.o
/usr/bin/c++    -s -O3 -DNDEBUG  -Wall -Wextra -Wno-long-long -Wno-unused-value -Wno-unused-value -Wno-unused-value -Wno-unused-value -Wfloat-equal -Wshadow -Winit-self -Wswitch-default -Wmissing-include-dirs -pedantic -msse -msse2 -mfpmath=sse -msse3 -mssse3  -DHAVE_LIMITS   -o CMakeFiles/cmTryCompileExec3154347703.dir/src.cxx.o -c /Users/spyros/Downloads/osrf-gazebo-222b5b368663/build/CMakeFiles/CMakeTmp/src.cxx
clang: warning: argument unused during compilation: '-s'
clang: warning: argument unused during compilation: '-mfpmath=sse'
Linking CXX executable cmTryCompileExec3154347703
/usr/local/Cellar/cmake/2.8.11.1/bin/cmake -E cmake_link_script CMakeFiles/cmTryCompileExec3154347703.dir/link.txt --verbose=1
/usr/bin/c++     -s -O3 -DNDEBUG  -Wall -Wextra -Wno-long-long -Wno-unused-value -Wno-unused-value -Wno-unused-value -Wno-unused-value -Wfloat-equal -Wshadow -Winit-self -Wswitch-default -Wmissing-include-dirs -pedantic -msse -msse2 -mfpmath=sse -msse3 -mssse3  -DHAVE_LIMITS -Wl,-search_paths_first -Wl,-headerpad_max_install_names   CMakeFiles/cmTryCompileExec3154347703.dir/src.cxx.o  -o cmTryCompileExec3154347703  
ld: warning: option -s is obsolete and being ignored

Source file was:
#include <limits> 
int main() {return 1;}
Performing C++ SOURCE FILE Test HAVE_BOOST_SHARED_ARRAY_HPP succeded with the following output:
Change Dir: /Users/spyros/Downloads/osrf-gazebo-222b5b368663/build/CMakeFiles/CMakeTmp

Run Build Command:/usr/bin/make "cmTryCompileExec1629556058/fast"
/usr/bin/make -f CMakeFiles/cmTryCompileExec1629556058.dir/build.make CMakeFiles/cmTryCompileExec1629556058.dir/build
/usr/local/Cellar/cmake/2.8.11.1/bin/cmake -E cmake_progress_report /Users/spyros/Downloads/osrf-gazebo-222b5b368663/build/CMakeFiles/CMakeTmp/CMakeFiles 1
Building CXX object CMakeFiles/cmTryCompileExec1629556058.dir/src.cxx.o
/usr/bin/c++    -s -O3 -DNDEBUG  -Wall -Wextra -Wno-long-long -Wno-unused-value -Wno-unused-value -Wno-unused-value -Wno-unused-value -Wfloat-equal -Wshadow -Winit-self -Wswitch-default -Wmissing-include-dirs -pedantic -msse -msse2 -mfpmath=sse -msse3 -mssse3  -DHAVE_BOOST_SHARED_ARRAY_HPP   -o CMakeFiles/cmTryCompileExec1629556058.dir/src.cxx.o -c /Users/spyros/Downloads/osrf-gazebo-222b5b368663/build/CMakeFiles/CMakeTmp/src.cxx
clang: warning: argument unused during compilation: '-s'
clang: warning: argument unused during compilation: '-mfpmath=sse'
Linking CXX executable cmTryCompileExec1629556058
/usr/local/Cellar/cmake/2.8.11.1/bin/cmake -E cmake_link_script CMakeFiles/cmTryCompileExec1629556058.dir/link.txt --verbose=1
/usr/bin/c++     -s -O3 -DNDEBUG  -Wall -Wextra -Wno-long-long -Wno-unused-value -Wno-unused-value -Wno-unused-value -Wno-unused-value -Wfloat-equal -Wshadow -Winit-self -Wswitch-default -Wmissing-include-dirs -pedantic -msse -msse2 -mfpmath=sse -msse3 -mssse3  -DHAVE_BOOST_SHARED_ARRAY_HPP -Wl,-search_paths_first -Wl,-headerpad_max_install_names   CMakeFiles/cmTryCompileExec1629556058.dir/src.cxx.o  -o cmTryCompileExec1629556058  
ld: warning: option -s is obsolete and being ignored

Source file was:
#include <boost/shared_array.hpp> 
int main() {return 1;}
Determining if files alloca.h exist passed with the following output:
Change Dir: /Users/spyros/Downloads/osrf-gazebo-222b5b368663/build/CMakeFiles/CMakeTmp

Run Build Command:/usr/bin/make "cmTryCompileExec160650940/fast"
/usr/bin/make -f CMakeFiles/cmTryCompileExec160650940.dir/build.make CMakeFiles/cmTryCompileExec160650940.dir/build
/usr/local/Cellar/cmake/2.8.11.1/bin/cmake -E cmake_progress_report /Users/spyros/Downloads/osrf-gazebo-222b5b368663/build/CMakeFiles/CMakeTmp/CMakeFiles 1
Building C object CMakeFiles/cmTryCompileExec160650940.dir/CheckIncludeFiles.c.o
/usr/bin/cc   -s -O3 -DNDEBUG  -Wall -Wextra -Wno-long-long -Wno-unused-value -Wno-unused-value -Wno-unused-value -Wno-unused-value -Wfloat-equal -Wshadow -Winit-self -Wswitch-default -Wmissing-include-dirs -pedantic -msse -msse2 -mfpmath=sse -msse3 -mssse3     -o CMakeFiles/cmTryCompileExec160650940.dir/CheckIncludeFiles.c.o   -c /Users/spyros/Downloads/osrf-gazebo-222b5b368663/build/CMakeFiles/CMakeTmp/CheckIncludeFiles.c
clang: warning: argument unused during compilation: '-s'
clang: warning: argument unused during compilation: '-mfpmath=sse'
Linking C executable cmTryCompileExec160650940
/usr/local/Cellar/cmake/2.8.11.1/bin/cmake -E cmake_link_script CMakeFiles/cmTryCompileExec160650940.dir/link.txt --verbose=1
/usr/bin/cc    -s -O3 -DNDEBUG  -Wall -Wextra -Wno-long-long -Wno-unused-value -Wno-unused-value -Wno-unused-value -Wno-unused-value -Wfloat-equal -Wshadow -Winit-self -Wswitch-default -Wmissing-include-dirs -pedantic -msse -msse2 -mfpmath=sse -msse3 -mssse3   -Wl,-search_paths_first -Wl,-headerpad_max_install_names   CMakeFiles/cmTryCompileExec160650940.dir/CheckIncludeFiles.c.o  -o cmTryCompileExec160650940  
ld: warning: option -s is obsolete and being ignored


Determining if files dlfcn.h exist passed with the following output:
Change Dir: /Users/spyros/Downloads/osrf-gazebo-222b5b368663/build/CMakeFiles/CMakeTmp

Run Build Command:/usr/bin/make "cmTryCompileExec794002745/fast"
/usr/bin/make -f CMakeFiles/cmTryCompileExec794002745.dir/build.make CMakeFiles/cmTryCompileExec794002745.dir/build
/usr/local/Cellar/cmake/2.8.11.1/bin/cmake -E cmake_progress_report /Users/spyros/Downloads/osrf-gazebo-222b5b368663/build/CMakeFiles/CMakeTmp/CMakeFiles 1
Building C object CMakeFiles/cmTryCompileExec794002745.dir/CheckIncludeFiles.c.o
/usr/bin/cc   -s -O3 -DNDEBUG  -Wall -Wextra -Wno-long-long -Wno-unused-value -Wno-unused-value -Wno-unused-value -Wno-unused-value -Wfloat-equal -Wshadow -Winit-self -Wswitch-default -Wmissing-include-dirs -pedantic -msse -msse2 -mfpmath=sse -msse3 -mssse3     -o CMakeFiles/cmTryCompileExec794002745.dir/CheckIncludeFiles.c.o   -c /Users/spyros/Downloads/osrf-gazebo-222b5b368663/build/CMakeFiles/CMakeTmp/CheckIncludeFiles.c
clang: warning: argument unused during compilation: '-s'
clang: warning: argument unused during compilation: '-mfpmath=sse'
Linking C executable cmTryCompileExec794002745
/usr/local/Cellar/cmake/2.8.11.1/bin/cmake -E cmake_link_script CMakeFiles/cmTryCompileExec794002745.dir/link.txt --verbose=1
/usr/bin/cc    -s -O3 -DNDEBUG  -Wall -Wextra -Wno-long-long -Wno-unused-value -Wno-unused-value -Wno-unused-value -Wno-unused-value -Wfloat-equal -Wshadow -Winit-self -Wswitch-default -Wmissing-include-dirs -pedantic -msse -msse2 -mfpmath=sse -msse3 -mssse3   -Wl,-search_paths_first -Wl,-headerpad_max_install_names   CMakeFiles/cmTryCompileExec794002745.dir/CheckIncludeFiles.c.o  -o cmTryCompileExec794002745  
ld: warning: option -s is obsolete and being ignored


Determining if files float.h exist passed with the following output:
Change Dir: /Users/spyros/Downloads/osrf-gazebo-222b5b368663/build/CMakeFiles/CMakeTmp

Run Build Command:/usr/bin/make "cmTryCompileExec2943434310/fast"
/usr/bin/make -f CMakeFiles/cmTryCompileExec2943434310.dir/build.make CMakeFiles/cmTryCompileExec2943434310.dir/build
/usr/local/Cellar/cmake/2.8.11.1/bin/cmake -E cmake_progress_report /Users/spyros/Downloads/osrf-gazebo-222b5b368663/build/CMakeFiles/CMakeTmp/CMakeFiles 1
Building C object CMakeFiles/cmTryCompileExec2943434310.dir/CheckIncludeFiles.c.o
/usr/bin/cc   -s -O3 -DNDEBUG  -Wall -Wextra -Wno-long-long -Wno-unused-value -Wno-unused-value -Wno-unused-value -Wno-unused-value -Wfloat-equal -Wshadow -Winit-self -Wswitch-default -Wmissing-include-dirs -pedantic -msse -msse2 -mfpmath=sse -msse3 -mssse3     -o CMakeFiles/cmTryCompileExec2943434310.dir/CheckIncludeFiles.c.o   -c /Users/spyros/Downloads/osrf-gazebo-222b5b368663/build/CMakeFiles/CMakeTmp/CheckIncludeFiles.c
clang: warning: argument unused during compilation: '-s'
clang: warning: argument unused during compilation: '-mfpmath=sse'
Linking C executable cmTryCompileExec2943434310
/usr/local/Cellar/cmake/2.8.11.1/bin/cmake -E cmake_link_script CMakeFiles/cmTryCompileExec2943434310.dir/link.txt --verbose=1
/usr/bin/cc    -s -O3 -DNDEBUG  -Wall -Wextra -Wno-long-long -Wno-unused-value -Wno-unused-value -Wno-unused-value -Wno-unused-value -Wfloat-equal -Wshadow -Winit-self -Wswitch-default -Wmissing-include-dirs -pedantic -msse -msse2 -mfpmath=sse -msse3 -mssse3   -Wl,-search_paths_first -Wl,-headerpad_max_install_names   CMakeFiles/cmTryCompileExec2943434310.dir/CheckIncludeFiles.c.o  -o cmTryCompileExec2943434310  
ld: warning: option -s is obsolete and being ignored


Determining if files inttypes.h exist passed with the following output:
Change Dir: /Users/spyros/Downloads/osrf-gazebo-222b5b368663/build/CMakeFiles/CMakeTmp

Run Build Command:/usr/bin/make "cmTryCompileExec2531357207/fast"
/usr/bin/make -f CMakeFiles/cmTryCompileExec2531357207.dir/build.make CMakeFiles/cmTryCompileExec2531357207.dir/build
/usr/local/Cellar/cmake/2.8.11.1/bin/cmake -E cmake_progress_report /Users/spyros/Downloads/osrf-gazebo-222b5b368663/build/CMakeFiles/CMakeTmp/CMakeFiles 1
Building C object CMakeFiles/cmTryCompileExec2531357207.dir/CheckIncludeFiles.c.o
/usr/bin/cc   -s -O3 -DNDEBUG  -Wall -Wextra -Wno-long-long -Wno-unused-value -Wno-unused-value -Wno-unused-value -Wno-unused-value -Wfloat-equal -Wshadow -Winit-self -Wswitch-default -Wmissing-include-dirs -pedantic -msse -msse2 -mfpmath=sse -msse3 -mssse3     -o CMakeFiles/cmTryCompileExec2531357207.dir/CheckIncludeFiles.c.o   -c /Users/spyros/Downloads/osrf-gazebo-222b5b368663/build/CMakeFiles/CMakeTmp/CheckIncludeFiles.c
clang: warning: argument unused during compilation: '-s'
clang: warning: argument unused during compilation: '-mfpmath=sse'
Linking C executable cmTryCompileExec2531357207
/usr/local/Cellar/cmake/2.8.11.1/bin/cmake -E cmake_link_script CMakeFiles/cmTryCompileExec2531357207.dir/link.txt --verbose=1
/usr/bin/cc    -s -O3 -DNDEBUG  -Wall -Wextra -Wno-long-long -Wno-unused-value -Wno-unused-value -Wno-unused-value -Wno-unused-value -Wfloat-equal -Wshadow -Winit-self -Wswitch-default -Wmissing-include-dirs -pedantic -msse -msse2 -mfpmath=sse -msse3 -mssse3   -Wl,-search_paths_first -Wl,-headerpad_max_install_names   CMakeFiles/cmTryCompileExec2531357207.dir/CheckIncludeFiles.c.o  -o cmTryCompileExec2531357207  
ld: warning: option -s is obsolete and being ignored


Determining if files math.h exist passed with the following output:
Change Dir: /Users/spyros/Downloads/osrf-gazebo-222b5b368663/build/CMakeFiles/CMakeTmp

Run Build Command:/usr/bin/make "cmTryCompileExec490663695/fast"
/usr/bin/make -f CMakeFiles/cmTryCompileExec490663695.dir/build.make CMakeFiles/cmTryCompileExec490663695.dir/build
/usr/local/Cellar/cmake/2.8.11.1/bin/cmake -E cmake_progress_report /Users/spyros/Downloads/osrf-gazebo-222b5b368663/build/CMakeFiles/CMakeTmp/CMakeFiles 1
Building C object CMakeFiles/cmTryCompileExec490663695.dir/CheckIncludeFiles.c.o
/usr/bin/cc   -s -O3 -DNDEBUG  -Wall -Wextra -Wno-long-long -Wno-unused-value -Wno-unused-value -Wno-unused-value -Wno-unused-value -Wfloat-equal -Wshadow -Winit-self -Wswitch-default -Wmissing-include-dirs -pedantic -msse -msse2 -mfpmath=sse -msse3 -mssse3     -o CMakeFiles/cmTryCompileExec490663695.dir/CheckIncludeFiles.c.o   -c /Users/spyros/Downloads/osrf-gazebo-222b5b368663/build/CMakeFiles/CMakeTmp/CheckIncludeFiles.c
clang: warning: argument unused during compilation: '-s'
clang: warning: argument unused during compilation: '-mfpmath=sse'
Linking C executable cmTryCompileExec490663695
/usr/local/Cellar/cmake/2.8.11.1/bin/cmake -E cmake_link_script CMakeFiles/cmTryCompileExec490663695.dir/link.txt --verbose=1
/usr/bin/cc    -s -O3 -DNDEBUG  -Wall -Wextra -Wno-long-long -Wno-unused-value -Wno-unused-value -Wno-unused-value -Wno-unused-value -Wfloat-equal -Wshadow -Winit-self -Wswitch-default -Wmissing-include-dirs -pedantic -msse -msse2 -mfpmath=sse -msse3 -mssse3   -Wl,-search_paths_first -Wl,-headerpad_max_install_names   CMakeFiles/cmTryCompileExec490663695.dir/CheckIncludeFiles.c.o  -o cmTryCompileExec490663695  
ld: warning: option -s is obsolete and being ignored


Determining if files memory.h exist passed with the following output:
Change Dir: /Users/spyros/Downloads/osrf-gazebo-222b5b368663/build/CMakeFiles/CMakeTmp

Run Build Command:/usr/bin/make "cmTryCompileExec1272067883/fast"
/usr/bin/make -f CMakeFiles/cmTryCompileExec1272067883.dir/build.make CMakeFiles/cmTryCompileExec1272067883.dir/build
/usr/local/Cellar/cmake/2.8.11.1/bin/cmake -E cmake_progress_report /Users/spyros/Downloads/osrf-gazebo-222b5b368663/build/CMakeFiles/CMakeTmp/CMakeFiles 1
Building C object CMakeFiles/cmTryCompileExec1272067883.dir/CheckIncludeFiles.c.o
/usr/bin/cc   -s -O3 -DNDEBUG  -Wall -Wextra -Wno-long-long -Wno-unused-value -Wno-unused-value -Wno-unused-value -Wno-unused-value -Wfloat-equal -Wshadow -Winit-self -Wswitch-default -Wmissing-include-dirs -pedantic -msse -msse2 -mfpmath=sse -msse3 -mssse3     -o CMakeFiles/cmTryCompileExec1272067883.dir/CheckIncludeFiles.c.o   -c /Users/spyros/Downloads/osrf-gazebo-222b5b368663/build/CMakeFiles/CMakeTmp/CheckIncludeFiles.c
clang: warning: argument unused during compilation: '-s'
clang: warning: argument unused during compilation: '-mfpmath=sse'
Linking C executable cmTryCompileExec1272067883
/usr/local/Cellar/cmake/2.8.11.1/bin/cmake -E cmake_link_script CMakeFiles/cmTryCompileExec1272067883.dir/link.txt --verbose=1
/usr/bin/cc    -s -O3 -DNDEBUG  -Wall -Wextra -Wno-long-long -Wno-unused-value -Wno-unused-value -Wno-unused-value -Wno-unused-value -Wfloat-equal -Wshadow -Winit-self -Wswitch-default -Wmissing-include-dirs -pedantic -msse -msse2 -mfpmath=sse -msse3 -mssse3   -Wl,-search_paths_first -Wl,-headerpad_max_install_names   CMakeFiles/cmTryCompileExec1272067883.dir/CheckIncludeFiles.c.o  -o cmTryCompileExec1272067883  
ld: warning: option -s is obsolete and being ignored


Determining if files stdarg.h exist passed with the following output:
Change Dir: /Users/spyros/Downloads/osrf-gazebo-222b5b368663/build/CMakeFiles/CMakeTmp

Run Build Command:/usr/bin/make "cmTryCompileExec3126314523/fast"
/usr/bin/make -f CMakeFiles/cmTryCompileExec3126314523.dir/build.make CMakeFiles/cmTryCompileExec3126314523.dir/build
/usr/local/Cellar/cmake/2.8.11.1/bin/cmake -E cmake_progress_report /Users/spyros/Downloads/osrf-gazebo-222b5b368663/build/CMakeFiles/CMakeTmp/CMakeFiles 1
Building C object CMakeFiles/cmTryCompileExec3126314523.dir/CheckIncludeFiles.c.o
/usr/bin/cc   -s -O3 -DNDEBUG  -Wall -Wextra -Wno-long-long -Wno-unused-value -Wno-unused-value -Wno-unused-value -Wno-unused-value -Wfloat-equal -Wshadow -Winit-self -Wswitch-default -Wmissing-include-dirs -pedantic -msse -msse2 -mfpmath=sse -msse3 -mssse3     -o CMakeFiles/cmTryCompileExec3126314523.dir/CheckIncludeFiles.c.o   -c /Users/spyros/Downloads/osrf-gazebo-222b5b368663/build/CMakeFiles/CMakeTmp/CheckIncludeFiles.c
clang: warning: argument unused during compilation: '-s'
clang: warning: argument unused during compilation: '-mfpmath=sse'
Linking C executable cmTryCompileExec3126314523
/usr/local/Cellar/cmake/2.8.11.1/bin/cmake -E cmake_link_script CMakeFiles/cmTryCompileExec3126314523.dir/link.txt --verbose=1
/usr/bin/cc    -s -O3 -DNDEBUG  -Wall -Wextra -Wno-long-long -Wno-unused-value -Wno-unused-value -Wno-unused-value -Wno-unused-value -Wfloat-equal -Wshadow -Winit-self -Wswitch-default -Wmissing-include-dirs -pedantic -msse -msse2 -mfpmath=sse -msse3 -mssse3   -Wl,-search_paths_first -Wl,-headerpad_max_install_names   CMakeFiles/cmTryCompileExec3126314523.dir/CheckIncludeFiles.c.o  -o cmTryCompileExec3126314523  
ld: warning: option -s is obsolete and being ignored


Determining if files stdbool.h exist passed with the following output:
Change Dir: /Users/spyros/Downloads/osrf-gazebo-222b5b368663/build/CMakeFiles/CMakeTmp

Run Build Command:/usr/bin/make "cmTryCompileExec3214653167/fast"
/usr/bin/make -f CMakeFiles/cmTryCompileExec3214653167.dir/build.make CMakeFiles/cmTryCompileExec3214653167.dir/build
/usr/local/Cellar/cmake/2.8.11.1/bin/cmake -E cmake_progress_report /Users/spyros/Downloads/osrf-gazebo-222b5b368663/build/CMakeFiles/CMakeTmp/CMakeFiles 1
Building C object CMakeFiles/cmTryCompileExec3214653167.dir/CheckIncludeFiles.c.o
/usr/bin/cc   -s -O3 -DNDEBUG  -Wall -Wextra -Wno-long-long -Wno-unused-value -Wno-unused-value -Wno-unused-value -Wno-unused-value -Wfloat-equal -Wshadow -Winit-self -Wswitch-default -Wmissing-include-dirs -pedantic -msse -msse2 -mfpmath=sse -msse3 -mssse3     -o CMakeFiles/cmTryCompileExec3214653167.dir/CheckIncludeFiles.c.o   -c /Users/spyros/Downloads/osrf-gazebo-222b5b368663/build/CMakeFiles/CMakeTmp/CheckIncludeFiles.c
clang: warning: argument unused during compilation: '-s'
clang: warning: argument unused during compilation: '-mfpmath=sse'
Linking C executable cmTryCompileExec3214653167
/usr/local/Cellar/cmake/2.8.11.1/bin/cmake -E cmake_link_script CMakeFiles/cmTryCompileExec3214653167.dir/link.txt --verbose=1
/usr/bin/cc    -s -O3 -DNDEBUG  -Wall -Wextra -Wno-long-long -Wno-unused-value -Wno-unused-value -Wno-unused-value -Wno-unused-value -Wfloat-equal -Wshadow -Winit-self -Wswitch-default -Wmissing-include-dirs -pedantic -msse -msse2 -mfpmath=sse -msse3 -mssse3   -Wl,-search_paths_first -Wl,-headerpad_max_install_names   CMakeFiles/cmTryCompileExec3214653167.dir/CheckIncludeFiles.c.o  -o cmTryCompileExec3214653167  
ld: warning: option -s is obsolete and being ignored


Determining if files stdint.h exist passed with the following output:
Change Dir: /Users/spyros/Downloads/osrf-gazebo-222b5b368663/build/CMakeFiles/CMakeTmp

Run Build Command:/usr/bin/make "cmTryCompileExec3859804120/fast"
/usr/bin/make -f CMakeFiles/cmTryCompileExec3859804120.dir/build.make CMakeFiles/cmTryCompileExec3859804120.dir/build
/usr/local/Cellar/cmake/2.8.11.1/bin/cmake -E cmake_progress_report /Users/spyros/Downloads/osrf-gazebo-222b5b368663/build/CMakeFiles/CMakeTmp/CMakeFiles 1
Building C object CMakeFiles/cmTryCompileExec3859804120.dir/CheckIncludeFiles.c.o
/usr/bin/cc   -s -O3 -DNDEBUG  -Wall -Wextra -Wno-long-long -Wno-unused-value -Wno-unused-value -Wno-unused-value -Wno-unused-value -Wfloat-equal -Wshadow -Winit-self -Wswitch-default -Wmissing-include-dirs -pedantic -msse -msse2 -mfpmath=sse -msse3 -mssse3     -o CMakeFiles/cmTryCompileExec3859804120.dir/CheckIncludeFiles.c.o   -c /Users/spyros/Downloads/osrf-gazebo-222b5b368663/build/CMakeFiles/CMakeTmp/CheckIncludeFiles.c
clang: warning: argument unused during compilation: '-s'
clang: warning: argument unused during compilation: '-mfpmath=sse'
Linking C executable cmTryCompileExec3859804120
/usr/local/Cellar/cmake/2.8.11.1/bin/cmake -E cmake_link_script CMakeFiles/cmTryCompileExec3859804120.dir/link.txt --verbose=1
/usr/bin/cc    -s -O3 -DNDEBUG  -Wall -Wextra -Wno-long-long -Wno-unused-value -Wno-unused-value -Wno-unused-value -Wno-unused-value -Wfloat-equal -Wshadow -Winit-self -Wswitch-default -Wmissing-include-dirs -pedantic -msse -msse2 -mfpmath=sse -msse3 -mssse3   -Wl,-search_paths_first -Wl,-headerpad_max_install_names   CMakeFiles/cmTryCompileExec3859804120.dir/CheckIncludeFiles.c.o  -o cmTryCompileExec3859804120  
ld: warning: option -s is obsolete and being ignored


Determining if files stdio.h exist passed with the following output:
Change Dir: /Users/spyros/Downloads/osrf-gazebo-222b5b368663/build/CMakeFiles/CMakeTmp

Run Build Command:/usr/bin/make "cmTryCompileExec1962199135/fast"
/usr/bin/make -f CMakeFiles/cmTryCompileExec1962199135.dir/build.make CMakeFiles/cmTryCompileExec1962199135.dir/build
/usr/local/Cellar/cmake/2.8.11.1/bin/cmake -E cmake_progress_report /Users/spyros/Downloads/osrf-gazebo-222b5b368663/build/CMakeFiles/CMakeTmp/CMakeFiles 1
Building C object CMakeFiles/cmTryCompileExec1962199135.dir/CheckIncludeFiles.c.o
/usr/bin/cc   -s -O3 -DNDEBUG  -Wall -Wextra -Wno-long-long -Wno-unused-value -Wno-unused-value -Wno-unused-value -Wno-unused-value -Wfloat-equal -Wshadow -Winit-self -Wswitch-default -Wmissing-include-dirs -pedantic -msse -msse2 -mfpmath=sse -msse3 -mssse3     -o CMakeFiles/cmTryCompileExec1962199135.dir/CheckIncludeFiles.c.o   -c /Users/spyros/Downloads/osrf-gazebo-222b5b368663/build/CMakeFiles/CMakeTmp/CheckIncludeFiles.c
clang: warning: argument unused during compilation: '-s'
clang: warning: argument unused during compilation: '-mfpmath=sse'
Linking C executable cmTryCompileExec1962199135
/usr/local/Cellar/cmake/2.8.11.1/bin/cmake -E cmake_link_script CMakeFiles/cmTryCompileExec1962199135.dir/link.txt --verbose=1
/usr/bin/cc    -s -O3 -DNDEBUG  -Wall -Wextra -Wno-long-long -Wno-unused-value -Wno-unused-value -Wno-unused-value -Wno-unused-value -Wfloat-equal -Wshadow -Winit-self -Wswitch-default -Wmissing-include-dirs -pedantic -msse -msse2 -mfpmath=sse -msse3 -mssse3   -Wl,-search_paths_first -Wl,-headerpad_max_install_names   CMakeFiles/cmTryCompileExec1962199135.dir/CheckIncludeFiles.c.o  -o cmTryCompileExec1962199135  
ld: warning: option -s is obsolete and being ignored


Determining if files stdlib.h exist passed with the following output:
Change Dir: /Users/spyros/Downloads/osrf-gazebo-222b5b368663/build/CMakeFiles/CMakeTmp

Run Build Command:/usr/bin/make "cmTryCompileExec2236895624/fast"
/usr/bin/make -f CMakeFiles/cmTryCompileExec2236895624.dir/build.make CMakeFiles/cmTryCompileExec2236895624.dir/build
/usr/local/Cellar/cmake/2.8.11.1/bin/cmake -E cmake_progress_report /Users/spyros/Downloads/osrf-gazebo-222b5b368663/build/CMakeFiles/CMakeTmp/CMakeFiles 1
Building C object CMakeFiles/cmTryCompileExec2236895624.dir/CheckIncludeFiles.c.o
/usr/bin/cc   -s -O3 -DNDEBUG  -Wall -Wextra -Wno-long-long -Wno-unused-value -Wno-unused-value -Wno-unused-value -Wno-unused-value -Wfloat-equal -Wshadow -Winit-self -Wswitch-default -Wmissing-include-dirs -pedantic -msse -msse2 -mfpmath=sse -msse3 -mssse3     -o CMakeFiles/cmTryCompileExec2236895624.dir/CheckIncludeFiles.c.o   -c /Users/spyros/Downloads/osrf-gazebo-222b5b368663/build/CMakeFiles/CMakeTmp/CheckIncludeFiles.c
clang: warning: argument unused during compilation: '-s'
clang: warning: argument unused during compilation: '-mfpmath=sse'
Linking C executable cmTryCompileExec2236895624
/usr/local/Cellar/cmake/2.8.11.1/bin/cmake -E cmake_link_script CMakeFiles/cmTryCompileExec2236895624.dir/link.txt --verbose=1
/usr/bin/cc    -s -O3 -DNDEBUG  -Wall -Wextra -Wno-long-long -Wno-unused-value -Wno-unused-value -Wno-unused-value -Wno-unused-value -Wfloat-equal -Wshadow -Winit-self -Wswitch-default -Wmissing-include-dirs -pedantic -msse -msse2 -mfpmath=sse -msse3 -mssse3   -Wl,-search_paths_first -Wl,-headerpad_max_install_names   CMakeFiles/cmTryCompileExec2236895624.dir/CheckIncludeFiles.c.o  -o cmTryCompileExec2236895624  
ld: warning: option -s is obsolete and being ignored


Determining if files strings.h exist passed with the following output:
Change Dir: /Users/spyros/Downloads/osrf-gazebo-222b5b368663/build/CMakeFiles/CMakeTmp

Run Build Command:/usr/bin/make "cmTryCompileExec230186535/fast"
/usr/bin/make -f CMakeFiles/cmTryCompileExec230186535.dir/build.make CMakeFiles/cmTryCompileExec230186535.dir/build
/usr/local/Cellar/cmake/2.8.11.1/bin/cmake -E cmake_progress_report /Users/spyros/Downloads/osrf-gazebo-222b5b368663/build/CMakeFiles/CMakeTmp/CMakeFiles 1
Building C object CMakeFiles/cmTryCompileExec230186535.dir/CheckIncludeFiles.c.o
/usr/bin/cc   -s -O3 -DNDEBUG  -Wall -Wextra -Wno-long-long -Wno-unused-value -Wno-unused-value -Wno-unused-value -Wno-unused-value -Wfloat-equal -Wshadow -Winit-self -Wswitch-default -Wmissing-include-dirs -pedantic -msse -msse2 -mfpmath=sse -msse3 -mssse3     -o CMakeFiles/cmTryCompileExec230186535.dir/CheckIncludeFiles.c.o   -c /Users/spyros/Downloads/osrf-gazebo-222b5b368663/build/CMakeFiles/CMakeTmp/CheckIncludeFiles.c
clang: warning: argument unused during compilation: '-s'
clang: warning: argument unused during compilation: '-mfpmath=sse'
Linking C executable cmTryCompileExec230186535
/usr/local/Cellar/cmake/2.8.11.1/bin/cmake -E cmake_link_script CMakeFiles/cmTryCompileExec230186535.dir/link.txt --verbose=1
/usr/bin/cc    -s -O3 -DNDEBUG  -Wall -Wextra -Wno-long-long -Wno-unused-value -Wno-unused-value -Wno-unused-value -Wno-unused-value -Wfloat-equal -Wshadow -Winit-self -Wswitch-default -Wmissing-include-dirs -pedantic -msse -msse2 -mfpmath=sse -msse3 -mssse3   -Wl,-search_paths_first -Wl,-headerpad_max_install_names   CMakeFiles/cmTryCompileExec230186535.dir/CheckIncludeFiles.c.o  -o cmTryCompileExec230186535  
ld: warning: option -s is obsolete and being ignored


Determining if files string.h exist passed with the following output:
Change Dir: /Users/spyros/Downloads/osrf-gazebo-222b5b368663/build/CMakeFiles/CMakeTmp

Run Build Command:/usr/bin/make "cmTryCompileExec1378580691/fast"
/usr/bin/make -f CMakeFiles/cmTryCompileExec1378580691.dir/build.make CMakeFiles/cmTryCompileExec1378580691.dir/build
/usr/local/Cellar/cmake/2.8.11.1/bin/cmake -E cmake_progress_report /Users/spyros/Downloads/osrf-gazebo-222b5b368663/build/CMakeFiles/CMakeTmp/CMakeFiles 1
Building C object CMakeFiles/cmTryCompileExec1378580691.dir/CheckIncludeFiles.c.o
/usr/bin/cc   -s -O3 -DNDEBUG  -Wall -Wextra -Wno-long-long -Wno-unused-value -Wno-unused-value -Wno-unused-value -Wno-unused-value -Wfloat-equal -Wshadow -Winit-self -Wswitch-default -Wmissing-include-dirs -pedantic -msse -msse2 -mfpmath=sse -msse3 -mssse3     -o CMakeFiles/cmTryCompileExec1378580691.dir/CheckIncludeFiles.c.o   -c /Users/spyros/Downloads/osrf-gazebo-222b5b368663/build/CMakeFiles/CMakeTmp/CheckIncludeFiles.c
clang: warning: argument unused during compilation: '-s'
clang: warning: argument unused during compilation: '-mfpmath=sse'
Linking C executable cmTryCompileExec1378580691
/usr/local/Cellar/cmake/2.8.11.1/bin/cmake -E cmake_link_script CMakeFiles/cmTryCompileExec1378580691.dir/link.txt --verbose=1
/usr/bin/cc    -s -O3 -DNDEBUG  -Wall -Wextra -Wno-long-long -Wno-unused-value -Wno-unused-value -Wno-unused-value -Wno-unused-value -Wfloat-equal -Wshadow -Winit-self -Wswitch-default -Wmissing-include-dirs -pedantic -msse -msse2 -mfpmath=sse -msse3 -mssse3   -Wl,-search_paths_first -Wl,-headerpad_max_install_names   CMakeFiles/cmTryCompileExec1378580691.dir/CheckIncludeFiles.c.o  -o cmTryCompileExec1378580691  
ld: warning: option -s is obsolete and being ignored


Determining if files sys/select.h exist passed with the following output:
Change Dir: /Users/spyros/Downloads/osrf-gazebo-222b5b368663/build/CMakeFiles/CMakeTmp

Run Build Command:/usr/bin/make "cmTryCompileExec87342750/fast"
/usr/bin/make -f CMakeFiles/cmTryCompileExec87342750.dir/build.make CMakeFiles/cmTryCompileExec87342750.dir/build
/usr/local/Cellar/cmake/2.8.11.1/bin/cmake -E cmake_progress_report /Users/spyros/Downloads/osrf-gazebo-222b5b368663/build/CMakeFiles/CMakeTmp/CMakeFiles 1
Building C object CMakeFiles/cmTryCompileExec87342750.dir/CheckIncludeFiles.c.o
/usr/bin/cc   -s -O3 -DNDEBUG  -Wall -Wextra -Wno-long-long -Wno-unused-value -Wno-unused-value -Wno-unused-value -Wno-unused-value -Wfloat-equal -Wshadow -Winit-self -Wswitch-default -Wmissing-include-dirs -pedantic -msse -msse2 -mfpmath=sse -msse3 -mssse3     -o CMakeFiles/cmTryCompileExec87342750.dir/CheckIncludeFiles.c.o   -c /Users/spyros/Downloads/osrf-gazebo-222b5b368663/build/CMakeFiles/CMakeTmp/CheckIncludeFiles.c
clang: warning: argument unused during compilation: '-s'
clang: warning: argument unused during compilation: '-mfpmath=sse'
Linking C executable cmTryCompileExec87342750
/usr/local/Cellar/cmake/2.8.11.1/bin/cmake -E cmake_link_script CMakeFiles/cmTryCompileExec87342750.dir/link.txt --verbose=1
/usr/bin/cc    -s -O3 -DNDEBUG  -Wall -Wextra -Wno-long-long -Wno-unused-value -Wno-unused-value -Wno-unused-value -Wno-unused-value -Wfloat-equal -Wshadow -Winit-self -Wswitch-default -Wmissing-include-dirs -pedantic -msse -msse2 -mfpmath=sse -msse3 -mssse3   -Wl,-search_paths_first -Wl,-headerpad_max_install_names   CMakeFiles/cmTryCompileExec87342750.dir/CheckIncludeFiles.c.o  -o cmTryCompileExec87342750  
ld: warning: option -s is obsolete and being ignored


Determining if files sys/socket.h exist passed with the following output:
Change Dir: /Users/spyros/Downloads/osrf-gazebo-222b5b368663/build/CMakeFiles/CMakeTmp

Run Build Command:/usr/bin/make "cmTryCompileExec1556758455/fast"
/usr/bin/make -f CMakeFiles/cmTryCompileExec1556758455.dir/build.make CMakeFiles/cmTryCompileExec1556758455.dir/build
/usr/local/Cellar/cmake/2.8.11.1/bin/cmake -E cmake_progress_report /Users/spyros/Downloads/osrf-gazebo-222b5b368663/build/CMakeFiles/CMakeTmp/CMakeFiles 1
Building C object CMakeFiles/cmTryCompileExec1556758455.dir/CheckIncludeFiles.c.o
/usr/bin/cc   -s -O3 -DNDEBUG  -Wall -Wextra -Wno-long-long -Wno-unused-value -Wno-unused-value -Wno-unused-value -Wno-unused-value -Wfloat-equal -Wshadow -Winit-self -Wswitch-default -Wmissing-include-dirs -pedantic -msse -msse2 -mfpmath=sse -msse3 -mssse3     -o CMakeFiles/cmTryCompileExec1556758455.dir/CheckIncludeFiles.c.o   -c /Users/spyros/Downloads/osrf-gazebo-222b5b368663/build/CMakeFiles/CMakeTmp/CheckIncludeFiles.c
clang: warning: argument unused during compilation: '-s'
clang: warning: argument unused during compilation: '-mfpmath=sse'
Linking C executable cmTryCompileExec1556758455
/usr/local/Cellar/cmake/2.8.11.1/bin/cmake -E cmake_link_script CMakeFiles/cmTryCompileExec1556758455.dir/link.txt --verbose=1
/usr/bin/cc    -s -O3 -DNDEBUG  -Wall -Wextra -Wno-long-long -Wno-unused-value -Wno-unused-value -Wno-unused-value -Wno-unused-value -Wfloat-equal -Wshadow -Winit-self -Wswitch-default -Wmissing-include-dirs -pedantic -msse -msse2 -mfpmath=sse -msse3 -mssse3   -Wl,-search_paths_first -Wl,-headerpad_max_install_names   CMakeFiles/cmTryCompileExec1556758455.dir/CheckIncludeFiles.c.o  -o cmTryCompileExec1556758455  
ld: warning: option -s is obsolete and being ignored


Determining if files sys/stat.h exist passed with the following output:
Change Dir: /Users/spyros/Downloads/osrf-gazebo-222b5b368663/build/CMakeFiles/CMakeTmp

Run Build Command:/usr/bin/make "cmTryCompileExec692989237/fast"
/usr/bin/make -f CMakeFiles/cmTryCompileExec692989237.dir/build.make CMakeFiles/cmTryCompileExec692989237.dir/build
/usr/local/Cellar/cmake/2.8.11.1/bin/cmake -E cmake_progress_report /Users/spyros/Downloads/osrf-gazebo-222b5b368663/build/CMakeFiles/CMakeTmp/CMakeFiles 1
Building C object CMakeFiles/cmTryCompileExec692989237.dir/CheckIncludeFiles.c.o
/usr/bin/cc   -s -O3 -DNDEBUG  -Wall -Wextra -Wno-long-long -Wno-unused-value -Wno-unused-value -Wno-unused-value -Wno-unused-value -Wfloat-equal -Wshadow -Winit-self -Wswitch-default -Wmissing-include-dirs -pedantic -msse -msse2 -mfpmath=sse -msse3 -mssse3     -o CMakeFiles/cmTryCompileExec692989237.dir/CheckIncludeFiles.c.o   -c /Users/spyros/Downloads/osrf-gazebo-222b5b368663/build/CMakeFiles/CMakeTmp/CheckIncludeFiles.c
clang: warning: argument unused during compilation: '-s'
clang: warning: argument unused during compilation: '-mfpmath=sse'
Linking C executable cmTryCompileExec692989237
/usr/local/Cellar/cmake/2.8.11.1/bin/cmake -E cmake_link_script CMakeFiles/cmTryCompileExec692989237.dir/link.txt --verbose=1
/usr/bin/cc    -s -O3 -DNDEBUG  -Wall -Wextra -Wno-long-long -Wno-unused-value -Wno-unused-value -Wno-unused-value -Wno-unused-value -Wfloat-equal -Wshadow -Winit-self -Wswitch-default -Wmissing-include-dirs -pedantic -msse -msse2 -mfpmath=sse -msse3 -mssse3   -Wl,-search_paths_first -Wl,-headerpad_max_install_names   CMakeFiles/cmTryCompileExec692989237.dir/CheckIncludeFiles.c.o  -o cmTryCompileExec692989237  
ld: warning: option -s is obsolete and being ignored


Determining if files sys/time.h exist passed with the following output:
Change Dir: /Users/spyros/Downloads/osrf-gazebo-222b5b368663/build/CMakeFiles/CMakeTmp

Run Build Command:/usr/bin/make "cmTryCompileExec2334518244/fast"
/usr/bin/make -f CMakeFiles/cmTryCompileExec2334518244.dir/build.make CMakeFiles/cmTryCompileExec2334518244.dir/build
/usr/local/Cellar/cmake/2.8.11.1/bin/cmake -E cmake_progress_report /Users/spyros/Downloads/osrf-gazebo-222b5b368663/build/CMakeFiles/CMakeTmp/CMakeFiles 1
Building C object CMakeFiles/cmTryCompileExec2334518244.dir/CheckIncludeFiles.c.o
/usr/bin/cc   -s -O3 -DNDEBUG  -Wall -Wextra -Wno-long-long -Wno-unused-value -Wno-unused-value -Wno-unused-value -Wno-unused-value -Wfloat-equal -Wshadow -Winit-self -Wswitch-default -Wmissing-include-dirs -pedantic -msse -msse2 -mfpmath=sse -msse3 -mssse3     -o CMakeFiles/cmTryCompileExec2334518244.dir/CheckIncludeFiles.c.o   -c /Users/spyros/Downloads/osrf-gazebo-222b5b368663/build/CMakeFiles/CMakeTmp/CheckIncludeFiles.c
clang: warning: argument unused during compilation: '-s'
clang: warning: argument unused during compilation: '-mfpmath=sse'
Linking C executable cmTryCompileExec2334518244
/usr/local/Cellar/cmake/2.8.11.1/bin/cmake -E cmake_link_script CMakeFiles/cmTryCompileExec2334518244.dir/link.txt --verbose=1
/usr/bin/cc    -s -O3 -DNDEBUG  -Wall -Wextra -Wno-long-long -Wno-unused-value -Wno-unused-value -Wno-unused-value -Wno-unused-value -Wfloat-equal -Wshadow -Winit-self -Wswitch-default -Wmissing-include-dirs -pedantic -msse -msse2 -mfpmath=sse -msse3 -mssse3   -Wl,-search_paths_first -Wl,-headerpad_max_install_names   CMakeFiles/cmTryCompileExec2334518244.dir/CheckIncludeFiles.c.o  -o cmTryCompileExec2334518244  
ld: warning: option -s is obsolete and being ignored


Determining if files sys/types.h exist passed with the following output:
Change Dir: /Users/spyros/Downloads/osrf-gazebo-222b5b368663/build/CMakeFiles/CMakeTmp

Run Build Command:/usr/bin/make "cmTryCompileExec1280800734/fast"
/usr/bin/make -f CMakeFiles/cmTryCompileExec1280800734.dir/build.make CMakeFiles/cmTryCompileExec1280800734.dir/build
/usr/local/Cellar/cmake/2.8.11.1/bin/cmake -E cmake_progress_report /Users/spyros/Downloads/osrf-gazebo-222b5b368663/build/CMakeFiles/CMakeTmp/CMakeFiles 1
Building C object CMakeFiles/cmTryCompileExec1280800734.dir/CheckIncludeFiles.c.o
/usr/bin/cc   -s -O3 -DNDEBUG  -Wall -Wextra -Wno-long-long -Wno-unused-value -Wno-unused-value -Wno-unused-value -Wno-unused-value -Wfloat-equal -Wshadow -Winit-self -Wswitch-default -Wmissing-include-dirs -pedantic -msse -msse2 -mfpmath=sse -msse3 -mssse3     -o CMakeFiles/cmTryCompileExec1280800734.dir/CheckIncludeFiles.c.o   -c /Users/spyros/Downloads/osrf-gazebo-222b5b368663/build/CMakeFiles/CMakeTmp/CheckIncludeFiles.c
clang: warning: argument unused during compilation: '-s'
clang: warning: argument unused during compilation: '-mfpmath=sse'
Linking C executable cmTryCompileExec1280800734
/usr/local/Cellar/cmake/2.8.11.1/bin/cmake -E cmake_link_script CMakeFiles/cmTryCompileExec1280800734.dir/link.txt --verbose=1
/usr/bin/cc    -s -O3 -DNDEBUG  -Wall -Wextra -Wno-long-long -Wno-unused-value -Wno-unused-value -Wno-unused-value -Wno-unused-value -Wfloat-equal -Wshadow -Winit-self -Wswitch-default -Wmissing-include-dirs -pedantic -msse -msse2 -mfpmath=sse -msse3 -mssse3   -Wl,-search_paths_first -Wl,-headerpad_max_install_names   CMakeFiles/cmTryCompileExec1280800734.dir/CheckIncludeFiles.c.o  -o cmTryCompileExec1280800734  
ld: warning: option -s is obsolete and being ignored


Determining if files time.h exist passed with the following output:
Change Dir: /Users/spyros/Downloads/osrf-gazebo-222b5b368663/build/CMakeFiles/CMakeTmp

Run Build Command:/usr/bin/make "cmTryCompileExec3444885898/fast"
/usr/bin/make -f CMakeFiles/cmTryCompileExec3444885898.dir/build.make CMakeFiles/cmTryCompileExec3444885898.dir/build
/usr/local/Cellar/cmake/2.8.11.1/bin/cmake -E cmake_progress_report /Users/spyros/Downloads/osrf-gazebo-222b5b368663/build/CMakeFiles/CMakeTmp/CMakeFiles 1
Building C object CMakeFiles/cmTryCompileExec3444885898.dir/CheckIncludeFiles.c.o
/usr/bin/cc   -s -O3 -DNDEBUG  -Wall -Wextra -Wno-long-long -Wno-unused-value -Wno-unused-value -Wno-unused-value -Wno-unused-value -Wfloat-equal -Wshadow -Winit-self -Wswitch-default -Wmissing-include-dirs -pedantic -msse -msse2 -mfpmath=sse -msse3 -mssse3     -o CMakeFiles/cmTryCompileExec3444885898.dir/CheckIncludeFiles.c.o   -c /Users/spyros/Downloads/osrf-gazebo-222b5b368663/build/CMakeFiles/CMakeTmp/CheckIncludeFiles.c
clang: warning: argument unused during compilation: '-s'
clang: warning: argument unused during compilation: '-mfpmath=sse'
Linking C executable cmTryCompileExec3444885898
/usr/local/Cellar/cmake/2.8.11.1/bin/cmake -E cmake_link_script CMakeFiles/cmTryCompileExec3444885898.dir/link.txt --verbose=1
/usr/bin/cc    -s -O3 -DNDEBUG  -Wall -Wextra -Wno-long-long -Wno-unused-value -Wno-unused-value -Wno-unused-value -Wno-unused-value -Wfloat-equal -Wshadow -Winit-self -Wswitch-default -Wmissing-include-dirs -pedantic -msse -msse2 -mfpmath=sse -msse3 -mssse3   -Wl,-search_paths_first -Wl,-headerpad_max_install_names   CMakeFiles/cmTryCompileExec3444885898.dir/CheckIncludeFiles.c.o  -o cmTryCompileExec3444885898  
ld: warning: option -s is obsolete and being ignored


Determining if files unistd.h exist passed with the following output:
Change Dir: /Users/spyros/Downloads/osrf-gazebo-222b5b368663/build/CMakeFiles/CMakeTmp

Run Build Command:/usr/bin/make "cmTryCompileExec2471942312/fast"
/usr/bin/make -f CMakeFiles/cmTryCompileExec2471942312.dir/build.make CMakeFiles/cmTryCompileExec2471942312.dir/build
/usr/local/Cellar/cmake/2.8.11.1/bin/cmake -E cmake_progress_report /Users/spyros/Downloads/osrf-gazebo-222b5b368663/build/CMakeFiles/CMakeTmp/CMakeFiles 1
Building C object CMakeFiles/cmTryCompileExec2471942312.dir/CheckIncludeFiles.c.o
/usr/bin/cc   -s -O3 -DNDEBUG  -Wall -Wextra -Wno-long-long -Wno-unused-value -Wno-unused-value -Wno-unused-value -Wno-unused-value -Wfloat-equal -Wshadow -Winit-self -Wswitch-default -Wmissing-include-dirs -pedantic -msse -msse2 -mfpmath=sse -msse3 -mssse3     -o CMakeFiles/cmTryCompileExec2471942312.dir/CheckIncludeFiles.c.o   -c /Users/spyros/Downloads/osrf-gazebo-222b5b368663/build/CMakeFiles/CMakeTmp/CheckIncludeFiles.c
clang: warning: argument unused during compilation: '-s'
clang: warning: argument unused during compilation: '-mfpmath=sse'
Linking C executable cmTryCompileExec2471942312
/usr/local/Cellar/cmake/2.8.11.1/bin/cmake -E cmake_link_script CMakeFiles/cmTryCompileExec2471942312.dir/link.txt --verbose=1
/usr/bin/cc    -s -O3 -DNDEBUG  -Wall -Wextra -Wno-long-long -Wno-unused-value -Wno-unused-value -Wno-unused-value -Wno-unused-value -Wfloat-equal -Wshadow -Winit-self -Wswitch-default -Wmissing-include-dirs -pedantic -msse -msse2 -mfpmath=sse -msse3 -mssse3   -Wl,-search_paths_first -Wl,-headerpad_max_install_names   CMakeFiles/cmTryCompileExec2471942312.dir/CheckIncludeFiles.c.o  -o cmTryCompileExec2471942312  
ld: warning: option -s is obsolete and being ignored


Determining if the function cos exists in the m passed with the following output:
Change Dir: /Users/spyros/Downloads/osrf-gazebo-222b5b368663/build/CMakeFiles/CMakeTmp

Run Build Command:/usr/bin/make "cmTryCompileExec3191059315/fast"
/usr/bin/make -f CMakeFiles/cmTryCompileExec3191059315.dir/build.make CMakeFiles/cmTryCompileExec3191059315.dir/build
/usr/local/Cellar/cmake/2.8.11.1/bin/cmake -E cmake_progress_report /Users/spyros/Downloads/osrf-gazebo-222b5b368663/build/CMakeFiles/CMakeTmp/CMakeFiles 1
Building C object CMakeFiles/cmTryCompileExec3191059315.dir/CheckFunctionExists.c.o
/usr/bin/cc   -s -O3 -DNDEBUG  -Wall -Wextra -Wno-long-long -Wno-unused-value -Wno-unused-value -Wno-unused-value -Wno-unused-value -Wfloat-equal -Wshadow -Winit-self -Wswitch-default -Wmissing-include-dirs -pedantic -msse -msse2 -mfpmath=sse -msse3 -mssse3  -DCHECK_FUNCTION_EXISTS=cos   -o CMakeFiles/cmTryCompileExec3191059315.dir/CheckFunctionExists.c.o   -c /usr/local/Cellar/cmake/2.8.11.1/share/cmake/Modules/CheckFunctionExists.c
clang: warning: argument unused during compilation: '-s'
clang: warning: argument unused during compilation: '-mfpmath=sse'
/usr/local/Cellar/cmake/2.8.11.1/share/cmake/Modules/CheckFunctionExists.c:3:6: warning: incompatible redeclaration of library function 'cos'
char CHECK_FUNCTION_EXISTS();
     ^
<command line>:2:31: note: expanded from macro 'CHECK_FUNCTION_EXISTS'
#define CHECK_FUNCTION_EXISTS cos
                              ^
/usr/local/Cellar/cmake/2.8.11.1/share/cmake/Modules/CheckFunctionExists.c:3:6: note: 'cos' is a builtin with type 'double (double)'
char CHECK_FUNCTION_EXISTS();
     ^
<command line>:2:31: note: expanded from macro 'CHECK_FUNCTION_EXISTS'
#define CHECK_FUNCTION_EXISTS cos
                              ^
1 warning generated.
Linking C executable cmTryCompileExec3191059315
/usr/local/Cellar/cmake/2.8.11.1/bin/cmake -E cmake_link_script CMakeFiles/cmTryCompileExec3191059315.dir/link.txt --verbose=1
/usr/bin/cc    -s -O3 -DNDEBUG  -Wall -Wextra -Wno-long-long -Wno-unused-value -Wno-unused-value -Wno-unused-value -Wno-unused-value -Wfloat-equal -Wshadow -Winit-self -Wswitch-default -Wmissing-include-dirs -pedantic -msse -msse2 -mfpmath=sse -msse3 -mssse3  -DCHECK_FUNCTION_EXISTS=cos -Wl,-search_paths_first -Wl,-headerpad_max_install_names   CMakeFiles/cmTryCompileExec3191059315.dir/CheckFunctionExists.c.o  -o cmTryCompileExec3191059315  -lm 
ld: warning: option -s is obsolete and being ignored


